<?xml version="1.0" encoding="UTF-8"?>
<!-- Generated by org.testng.reporters.JUnitXMLReporter -->
<testsuite ignored="0" hostname="MSI" failures="0" tests="4" name="APIDemosTest" time="228.311" errors="0" timestamp="2022-01-20T17:45:30 IST">
  <testcase classname="apiDemosApp.AccessWifiTest" name="wifiAccess" time="44.766"/>
  <testcase classname="apiDemosApp.DragAndDropTest" name="dragDrop" time="40.206"/>
  <testcase classname="apiDemosApp.SetTimeTest" name="timeSettings" time="106.66"/>
  <testcase classname="apiDemosApp.GesturesTest" name="tapCheckBox" time="36.66"/>
</testsuite> <!-- APIDemosTest -->
