<?xml version="1.0" encoding="UTF-8"?>
<!-- Generated by org.testng.reporters.JUnitXMLReporter -->
<testsuite ignored="0" hostname="MSI" failures="1" tests="5" name="EcommerceAppTest" time="442.37" errors="0" timestamp="2022-01-20T17:49:04 IST">
  <testcase classname="appium.framework.CheckHomePageTest" name="verifyHome" time="64.578"/>
  <testcase classname="appium.framework.CheckHomePageTest2_cloud" name="verifyHome" time="104.015"/>
  <testcase classname="appium.framework.VerifyToastMessageTest" name="toastMessage" time="41.011"/>
  <testcase classname="appium.framework.VerifyLoginTest" name="verifyLoginFunction" time="159.964"/>
  <testcase classname="appium.framework.WebViewCheckTest" name="webAutomation" time="65.775">
    <failure type="org.openqa.selenium.ElementNotInteractableException" message="element not interactable
  (Session info: chrome=96.0.4664.104)
  (Driver info: chromedriver=96.0.4664.45 (76e4c1bb2ab4671b8beba3444e61c0f17584b2fc-refs/branch-heads/4664@{#947}),platform=Linux 4.1.13-101.fc21.x86_64 x86_64) (WARNING: The server did not provide any stacktrace information)
Command duration or timeout: 0 milliseconds
Build info: version: &amp;apos;3.141.59&amp;apos;, revision: &amp;apos;e82be7d358&amp;apos;, time: &amp;apos;2018-11-14T08:17:03&amp;apos;
System info: host: &amp;apos;MSI&amp;apos;, ip: &amp;apos;192.168.29.215&amp;apos;, os.name: &amp;apos;Windows 10&amp;apos;, os.arch: &amp;apos;amd64&amp;apos;, os.version: &amp;apos;10.0&amp;apos;, java.version: &amp;apos;15.0.1&amp;apos;
Driver info: io.appium.java_client.android.AndroidDriver
Capabilities {64bit: false, acceptSslCert: false, acceptSslCerts: false, adbExecTimeout: 120000, appActivity: com.androidsample.generalst..., appPackage: com.androidsample.generalstore, automationName: uiautomator2, browserstack.appium_version: 1.17.0, browserstack.is_hub_canary: false, browserstack.minOSVersion: 5.0, bundleID: com.androidsample.generalstore, bundleId: com.androidsample.generalstore, chromeOptions: {w3c: false}, chromedriverPort: 18085, chromedriverPorts: [[18155, 18165]], databaseEnabled: false, detected_language: selenium/3.141.59 (java win..., device: samsung galaxy s10e, deviceApiLevel: 28, deviceManufacturer: samsung, deviceModel: SM-G970F, deviceName: RF8M20WTD0N, deviceScreenDensity: 480, deviceScreenSize: 1080x2280, deviceUDID: RF8M20WTD0N, enablePerformanceLogging: false, javascriptEnabled: true, locationContextEnabled: false, mobile: {browser: mobile, version: Samsung Galaxy S10e-9.0}, nativeWebScreenshot: true, networkConnectionEnabled: true, newCommandTimeout: 0, new_bucketing: true, orig_os: android, osVersion: 9.0, os_version: 9.0, pixelRatio: 3, platform: ANDROID, platformName: Android, platformVersion: 9, realMobile: true, skipServerInstallation: true, statBarHeight: 117, systemPort: 8205, takesScreenshot: true, udid: RF8M20WTD0N, uiautomator2ServerLaunchTimeout: 60000, version: , viewportRect: {height: 1903, left: 0, top: 117, width: 1080}, warnings: {}, webStorageEnabled: false}
Session ID: 91643ea66a28351156cff414ef553ef50ac49a9f">
      <![CDATA[org.openqa.selenium.ElementNotInteractableException: element not interactable
  (Session info: chrome=96.0.4664.104)
  (Driver info: chromedriver=96.0.4664.45 (76e4c1bb2ab4671b8beba3444e61c0f17584b2fc-refs/branch-heads/4664@{#947}),platform=Linux 4.1.13-101.fc21.x86_64 x86_64) (WARNING: The server did not provide any stacktrace information)
Command duration or timeout: 0 milliseconds
Build info: version: '3.141.59', revision: 'e82be7d358', time: '2018-11-14T08:17:03'
System info: host: 'MSI', ip: '192.168.29.215', os.name: 'Windows 10', os.arch: 'amd64', os.version: '10.0', java.version: '15.0.1'
Driver info: io.appium.java_client.android.AndroidDriver
Capabilities {64bit: false, acceptSslCert: false, acceptSslCerts: false, adbExecTimeout: 120000, appActivity: com.androidsample.generalst..., appPackage: com.androidsample.generalstore, automationName: uiautomator2, browserstack.appium_version: 1.17.0, browserstack.is_hub_canary: false, browserstack.minOSVersion: 5.0, bundleID: com.androidsample.generalstore, bundleId: com.androidsample.generalstore, chromeOptions: {w3c: false}, chromedriverPort: 18085, chromedriverPorts: [[18155, 18165]], databaseEnabled: false, detected_language: selenium/3.141.59 (java win..., device: samsung galaxy s10e, deviceApiLevel: 28, deviceManufacturer: samsung, deviceModel: SM-G970F, deviceName: RF8M20WTD0N, deviceScreenDensity: 480, deviceScreenSize: 1080x2280, deviceUDID: RF8M20WTD0N, enablePerformanceLogging: false, javascriptEnabled: true, locationContextEnabled: false, mobile: {browser: mobile, version: Samsung Galaxy S10e-9.0}, nativeWebScreenshot: true, networkConnectionEnabled: true, newCommandTimeout: 0, new_bucketing: true, orig_os: android, osVersion: 9.0, os_version: 9.0, pixelRatio: 3, platform: ANDROID, platformName: Android, platformVersion: 9, realMobile: true, skipServerInstallation: true, statBarHeight: 117, systemPort: 8205, takesScreenshot: true, udid: RF8M20WTD0N, uiautomator2ServerLaunchTimeout: 60000, version: , viewportRect: {height: 1903, left: 0, top: 117, width: 1080}, warnings: {}, webStorageEnabled: false}
Session ID: 91643ea66a28351156cff414ef553ef50ac49a9f
at org.openqa.selenium.remote.ErrorHandler.createThrowable(ErrorHandler.java:214)
at org.openqa.selenium.remote.ErrorHandler.throwIfResponseFailed(ErrorHandler.java:166)
at org.openqa.selenium.remote.http.JsonHttpResponseCodec.reconstructValue(JsonHttpResponseCodec.java:40)
at org.openqa.selenium.remote.http.AbstractHttpResponseCodec.decode(AbstractHttpResponseCodec.java:80)
at org.openqa.selenium.remote.http.AbstractHttpResponseCodec.decode(AbstractHttpResponseCodec.java:44)
at org.openqa.selenium.remote.HttpCommandExecutor.execute(HttpCommandExecutor.java:158)
at io.appium.java_client.remote.AppiumCommandExecutor.execute(AppiumCommandExecutor.java:250)
at org.openqa.selenium.remote.RemoteWebDriver.execute(RemoteWebDriver.java:552)
at io.appium.java_client.DefaultGenericMobileDriver.execute(DefaultGenericMobileDriver.java:41)
at io.appium.java_client.AppiumDriver.execute(AppiumDriver.java:1)
at io.appium.java_client.android.AndroidDriver.execute(AndroidDriver.java:1)
at org.openqa.selenium.remote.RemoteWebElement.execute(RemoteWebElement.java:285)
at io.appium.java_client.DefaultGenericMobileElement.execute(DefaultGenericMobileElement.java:45)
at io.appium.java_client.MobileElement.execute(MobileElement.java:1)
at io.appium.java_client.android.AndroidElement.execute(AndroidElement.java:1)
at org.openqa.selenium.remote.RemoteWebElement.sendKeys(RemoteWebElement.java:106)
at appium.framework.WebViewCheckTest.webAutomation(WebViewCheckTest.java:68)
at java.base/java.util.ArrayList.forEach(ArrayList.java:1511)
at java.base/java.util.concurrent.FutureTask.run(FutureTask.java:264)
at java.base/java.util.concurrent.ThreadPoolExecutor.runWorker(ThreadPoolExecutor.java:1130)
at java.base/java.util.concurrent.ThreadPoolExecutor$Worker.run(ThreadPoolExecutor.java:630)
at java.base/java.lang.Thread.run(Thread.java:832)
... Removed 23 stack frames]]>
    </failure>
  </testcase> <!-- webAutomation -->
</testsuite> <!-- EcommerceAppTest -->
