<?xml version="1.0" encoding="UTF-8"?>
<!-- Generated by org.testng.reporters.JUnitXMLReporter -->
<testsuite ignored="0" hostname="MSI" failures="0" tests="3" name="APIDemosTest" time="0.007" errors="0" timestamp="2022-01-15T17:56:37 IST">
  <testcase classname="apiDemosApp.AccessWifi" name="@BeforeTest killServer" time="0.0">
    <failure type="java.io.IOException" message="Cannot run program &amp;quot;C:\Users\joelv\eclipse-workspace2\framework\src\main\java\resources\killserver.bat&amp;quot;: CreateProcess error=2, The system cannot find the file specified">
      <![CDATA[java.io.IOException: Cannot run program "C:\Users\joelv\eclipse-workspace2\framework\src\main\java\resources\killserver.bat": CreateProcess error=2, The system cannot find the file specified
at java.base/java.lang.ProcessBuilder.start(ProcessBuilder.java:1142)
at java.base/java.lang.ProcessBuilder.start(ProcessBuilder.java:1073)
at java.base/java.lang.Runtime.exec(Runtime.java:591)
at java.base/java.lang.Runtime.exec(Runtime.java:415)
at java.base/java.lang.Runtime.exec(Runtime.java:312)
at apiDemosApp.AccessWifi.killServer(AccessWifi.java:39)
Caused by: java.io.IOException: CreateProcess error=2, The system cannot find the file specified
at java.base/java.lang.ProcessImpl.create(Native Method)
at java.base/java.lang.ProcessImpl.<init>(ProcessImpl.java:483)
at java.base/java.lang.ProcessImpl.start(ProcessImpl.java:158)
at java.base/java.lang.ProcessBuilder.start(ProcessBuilder.java:1109)
... 29 more
... Removed 24 stack frames]]>
    </failure>
  </testcase> <!-- @BeforeTest killServer -->
  <testcase classname="apiDemosApp.AccessWifi" name="wifiAccess" time="0.0">
    <skipped/>
  </testcase> <!-- wifiAccess -->
  <testcase classname="apiDemosApp.DragAndDrop" name="dragDrop" time="0.0">
    <skipped/>
  </testcase> <!-- dragDrop -->
  <testcase classname="apiDemosApp.SetTime" name="timeSettings" time="0.0">
    <skipped/>
  </testcase> <!-- timeSettings -->
</testsuite> <!-- APIDemosTest -->
