<?xml version="1.0" encoding="UTF-8"?>
<!-- Generated by org.testng.reporters.JUnitXMLReporter -->
<testsuite ignored="3" hostname="MSI" failures="0" tests="1" name="APIDemosTest" time="32.175" errors="0" timestamp="2022-01-19T15:59:53 IST">
  <testcase classname="apiDemosApp.SetTimeTest" name="timeSettings" time="32.17"/>
  <testcase classname="apiDemosApp.AccessWifiTest" name="wifiAccess" time="0.0">
    <ignored/>
  </testcase> <!-- wifiAccess -->
  <testcase classname="apiDemosApp.GesturesTest" name="tapCheckBox" time="0.0">
    <ignored/>
  </testcase> <!-- tapCheckBox -->
  <testcase classname="apiDemosApp.DragAndDropTest" name="dragDrop" time="0.0">
    <ignored/>
  </testcase> <!-- dragDrop -->
</testsuite> <!-- APIDemosTest -->
