<?xml version="1.0" encoding="UTF-8"?>
<!-- Generated by org.testng.reporters.JUnitXMLReporter -->
<testsuite ignored="0" hostname="MSI" failures="0" tests="6" name="EcommerceAppTest" time="207.512" errors="0" timestamp="2022-01-15T17:56:37 IST">
  <testcase classname="appium.framework.CheckHomePage" name="verifyHome" time="35.636"/>
  <testcase classname="appium.framework.VerifyToastMessage" name="toastMessage" time="16.517"/>
  <testcase classname="appium.framework.VerifyLogin" name="verifyLoginFunction" time="28.569"/>
  <testcase classname="appium.framework.WebViewCheck" name="webAutomation" time="44.948"/>
  <testcase classname="appium.framework.sumOfProduct" name="totalValidation" time="36.354"/>
  <testcase classname="appium.framework.ScrollAndSelect" name="ScrollSelect" time="39.442"/>
</testsuite> <!-- EcommerceAppTest -->
