<?xml version="1.0" encoding="UTF-8"?>
<!-- Generated by org.testng.reporters.JUnitXMLReporter -->
<testsuite ignored="0" hostname="MSI" failures="0" tests="4" name="Test" time="135.508" errors="0" timestamp="2022-01-15T17:25:57 IST">
  <testcase classname="appium.framework.CheckHomePage" name="verifyHome" time="35.707"/>
  <testcase classname="appium.framework.VerifyToastMessage" name="toastMessage" time="17.031"/>
  <testcase classname="appium.framework.VerifyLogin" name="verifyLoginFunction" time="28.18"/>
  <testcase classname="appium.framework.WebViewCheck" name="webAutomation" time="48.545"/>
</testsuite> <!-- Test -->
