<?xml version="1.0" encoding="UTF-8"?>
<!-- Generated by org.testng.reporters.JUnitXMLReporter -->
<testsuite hostname="MSI" ignored="0" name="APIDemosTest" tests="4" failures="0" timestamp="2022-01-19T16:19:28 IST" time="84.866" errors="0">
  <testcase name="wifiAccess" time="18.07" classname="apiDemosApp.AccessWifiTest"/>
  <testcase name="dragDrop" time="24.082" classname="apiDemosApp.DragAndDropTest"/>
  <testcase name="timeSettings" time="22.09" classname="apiDemosApp.SetTimeTest"/>
  <testcase name="tapCheckBox" time="16.604" classname="apiDemosApp.GesturesTest"/>
</testsuite> <!-- APIDemosTest -->
