<?xml version="1.0" encoding="UTF-8"?>
<!-- Generated by org.testng.reporters.JUnitXMLReporter -->
<testsuite hostname="MSI" ignored="0" name="APIDemosTest" tests="3" failures="0" timestamp="2022-01-15T18:01:57 IST" time="61.932" errors="0">
  <testcase name="wifiAccess" time="15.878" classname="apiDemosApp.AccessWifi"/>
  <testcase name="dragDrop" time="22.051" classname="apiDemosApp.DragAndDrop"/>
  <testcase name="timeSettings" time="19.982" classname="apiDemosApp.SetTime"/>
</testsuite> <!-- APIDemosTest -->
