<?xml version="1.0" encoding="UTF-8"?>
<!-- Generated by org.testng.reporters.JUnitXMLReporter -->
<testsuite hostname="MSI" ignored="0" name="EcommerceAppTest" tests="6" failures="0" timestamp="2022-01-19T16:18:03 IST" time="220.249" errors="0">
  <testcase name="verifyHome" time="33.965" classname="appium.framework.CheckHomePageTest"/>
  <testcase name="toastMessage" time="19.907" classname="appium.framework.VerifyToastMessageTest"/>
  <testcase name="verifyLoginFunction" time="29.908" classname="appium.framework.VerifyLoginTest"/>
  <testcase name="webAutomation" time="52.104" classname="appium.framework.WebViewCheckTest"/>
  <testcase name="totalValidation" time="38.272" classname="appium.framework.SumOfProductTest"/>
  <testcase name="ScrollSelect" time="39.035" classname="appium.framework.ScrollAndSelectTest"/>
</testsuite> <!-- EcommerceAppTest -->
