<?xml version="1.0" encoding="UTF-8"?>
<!-- Generated by org.testng.reporters.JUnitXMLReporter -->
<testsuite hostname="MSI" ignored="0" name="EcommerceAppTest" tests="6" failures="0" timestamp="2022-01-15T18:00:55 IST" time="211.182" errors="0">
  <testcase name="verifyHome" time="36.536" classname="appium.framework.CheckHomePage"/>
  <testcase name="toastMessage" time="17.915" classname="appium.framework.VerifyToastMessage"/>
  <testcase name="verifyLoginFunction" time="29.753" classname="appium.framework.VerifyLogin"/>
  <testcase name="webAutomation" time="45.081" classname="appium.framework.WebViewCheck"/>
  <testcase name="totalValidation" time="36.648" classname="appium.framework.sumOfProduct"/>
  <testcase name="ScrollSelect" time="39.208" classname="appium.framework.ScrollAndSelect"/>
</testsuite> <!-- EcommerceAppTest -->
