<?xml version="1.0" encoding="UTF-8"?>
<testng-results skipped="0" failed="0" ignored="0" total="9" passed="9">
  <reporter-output>
  </reporter-output>
  <suite name="Suite" duration-ms="273129" started-at="2022-01-15T17:57:23 IST" finished-at="2022-01-15T18:01:57 IST">
    <groups>
    </groups>
    <test name="EcommerceAppTest" duration-ms="211182" started-at="2022-01-15T17:57:23 IST" finished-at="2022-01-15T18:00:55 IST">
      <class name="appium.framework.ScrollAndSelect">
        <test-method status="PASS" signature="ScrollSelect()[pri:0, instance:appium.framework.ScrollAndSelect@25bbf683]" name="ScrollSelect" duration-ms="39208" started-at="2022-01-15T18:00:15 IST" finished-at="2022-01-15T18:00:55 IST">
          <reporter-output>
          </reporter-output>
        </test-method> <!-- ScrollSelect -->
      </class> <!-- appium.framework.ScrollAndSelect -->
      <class name="appium.framework.sumOfProduct">
        <test-method status="PASS" signature="totalValidation()[pri:0, instance:appium.framework.sumOfProduct@64485a47]" name="totalValidation" duration-ms="36648" started-at="2022-01-15T17:59:39 IST" finished-at="2022-01-15T18:00:15 IST">
          <reporter-output>
          </reporter-output>
        </test-method> <!-- totalValidation -->
      </class> <!-- appium.framework.sumOfProduct -->
      <class name="appium.framework.WebViewCheck">
        <test-method status="PASS" signature="webAutomation()[pri:0, instance:appium.framework.WebViewCheck@1990a65e]" name="webAutomation" duration-ms="45081" started-at="2022-01-15T17:58:54 IST" finished-at="2022-01-15T17:59:39 IST">
          <reporter-output>
          </reporter-output>
        </test-method> <!-- webAutomation -->
      </class> <!-- appium.framework.WebViewCheck -->
      <class name="appium.framework.VerifyToastMessage">
        <test-method status="PASS" signature="toastMessage()[pri:0, instance:appium.framework.VerifyToastMessage@42607a4f]" name="toastMessage" duration-ms="17915" started-at="2022-01-15T17:58:06 IST" finished-at="2022-01-15T17:58:24 IST">
          <reporter-output>
          </reporter-output>
        </test-method> <!-- toastMessage -->
      </class> <!-- appium.framework.VerifyToastMessage -->
      <class name="appium.framework.CheckHomePage">
        <test-method status="PASS" signature="killServer()[pri:0, instance:appium.framework.CheckHomePage@2de8284b]" name="killServer" is-config="true" duration-ms="6020" started-at="2022-01-15T17:57:23 IST" finished-at="2022-01-15T17:57:29 IST">
          <reporter-output>
          </reporter-output>
        </test-method> <!-- killServer -->
        <test-method status="PASS" signature="verifyHome()[pri:0, instance:appium.framework.CheckHomePage@2de8284b]" name="verifyHome" duration-ms="36536" started-at="2022-01-15T17:57:29 IST" finished-at="2022-01-15T17:58:06 IST">
          <reporter-output>
          </reporter-output>
        </test-method> <!-- verifyHome -->
      </class> <!-- appium.framework.CheckHomePage -->
      <class name="appium.framework.VerifyLogin">
        <test-method status="PASS" signature="verifyLoginFunction()[pri:0, instance:appium.framework.VerifyLogin@782663d3]" name="verifyLoginFunction" duration-ms="29753" started-at="2022-01-15T17:58:24 IST" finished-at="2022-01-15T17:58:54 IST">
          <reporter-output>
          </reporter-output>
        </test-method> <!-- verifyLoginFunction -->
      </class> <!-- appium.framework.VerifyLogin -->
    </test> <!-- EcommerceAppTest -->
    <test name="APIDemosTest" duration-ms="61932" started-at="2022-01-15T18:00:55 IST" finished-at="2022-01-15T18:01:57 IST">
      <class name="apiDemosApp.SetTime">
        <test-method status="PASS" signature="timeSettings()[pri:0, instance:apiDemosApp.SetTime@6dde5c8c]" name="timeSettings" duration-ms="19982" started-at="2022-01-15T18:01:37 IST" finished-at="2022-01-15T18:01:57 IST">
          <reporter-output>
          </reporter-output>
        </test-method> <!-- timeSettings -->
      </class> <!-- apiDemosApp.SetTime -->
      <class name="apiDemosApp.DragAndDrop">
        <test-method status="PASS" signature="dragDrop()[pri:0, instance:apiDemosApp.DragAndDrop@6fb0d3ed]" name="dragDrop" duration-ms="22051" started-at="2022-01-15T18:01:14 IST" finished-at="2022-01-15T18:01:37 IST">
          <reporter-output>
          </reporter-output>
        </test-method> <!-- dragDrop -->
      </class> <!-- apiDemosApp.DragAndDrop -->
      <class name="apiDemosApp.AccessWifi">
        <test-method status="PASS" signature="killServer()[pri:0, instance:apiDemosApp.AccessWifi@fe18270]" name="killServer" is-config="true" duration-ms="4020" started-at="2022-01-15T18:00:55 IST" finished-at="2022-01-15T18:00:59 IST">
          <reporter-output>
          </reporter-output>
        </test-method> <!-- killServer -->
        <test-method status="PASS" signature="wifiAccess()[pri:0, instance:apiDemosApp.AccessWifi@fe18270]" name="wifiAccess" duration-ms="15878" started-at="2022-01-15T18:00:59 IST" finished-at="2022-01-15T18:01:14 IST">
          <reporter-output>
          </reporter-output>
        </test-method> <!-- wifiAccess -->
      </class> <!-- apiDemosApp.AccessWifi -->
    </test> <!-- APIDemosTest -->
  </suite> <!-- Suite -->
</testng-results>
