<?xml version="1.0" encoding="UTF-8"?>
<testsuite xmlns:xsi="http://www.w3.org/2001/XMLSchema-instance" xsi:noNamespaceSchemaLocation="https://maven.apache.org/surefire/maven-surefire-plugin/xsd/surefire-test-report-3.0.xsd" version="3.0" name="TestSuite" time="305.684" tests="10" errors="0" skipped="0" failures="0">
  <properties>
[...]
</properties>
  <testcase name="verifyHome[Shoes](1)" classname="appium.framework.CheckHomePageTest" time="33.978">
    <system-out><![CDATA[&amp#27;[35m[Appium]&amp#27;[39m Welcome to Appium v1.22.1
&amp#27;[35m[Appium]&amp#27;[39m Appium REST http interface listener started on 0.0.0.0:4723
&amp#27;[35m[HTTP]&amp#27;[39m &amp#27;[37m-->&amp#27;[39m &amp#27;[37mGET&amp#27;[39m &amp#27;[37m/wd/hub/status&amp#27;[39m
&amp#27;[35m[HTTP]&amp#27;[39m &amp#27;[90m{}&amp#27;[39m
[debug] &amp#27;[35m[GENERIC]&amp#27;[39m Calling AppiumDriver.getStatus() with args: []
[debug] &amp#27;[35m[GENERIC]&amp#27;[39m Responding to client with driver.getStatus() result: {"build":{"version":"1.22.1"}}
&amp#27;[35m[HTTP]&amp#27;[39m &amp#27;[37m<-- GET /wd/hub/status &amp#27;[39m&amp#27;[32m200&amp#27;[39m &amp#27;[90m4 ms - 68&amp#27;[39m
&amp#27;[35m[HTTP]&amp#27;[39m &amp#27;[90m&amp#27;[39m
[debug] &amp#27;[35m[HTTP]&amp#27;[39m Request idempotency key: 198904e2-e1a4-45e8-9f3a-92dbd7bf2d26
&amp#27;[35m[HTTP]&amp#27;[39m &amp#27;[37m-->&amp#27;[39m &amp#27;[37mPOST&amp#27;[39m &amp#27;[37m/wd/hub/session&amp#27;[39m
&amp#27;[35m[HTTP]&amp#27;[39m &amp#27;[90m{"desiredCapabilities":{"app":"C:\\Users\\joelv\\eclipse-workspace2\\framework\\src\\General-Store.apk","automationName":"uiautomator2","appium:chromeOptions":{"w3c":false},"platformName":"Android","deviceName":"emulator1","avd":"emulator1"},"capabilities":{"firstMatch":[{"appium:app":"C:\\Users\\joelv\\eclipse-workspace2\\framework\\src\\General-Store.apk","appium:chromeOptions":{"w3c":false},"appium:automationName":"uiautomator2","appium:avd":"emulator1","appium:deviceName":"emulator1","platformName":"android"}]}}&amp#27;[39m
[debug] &amp#27;[35m[W3C]&amp#27;[39m Calling AppiumDriver.createSession() with args: [{"app":"C:\\Users\\joelv\\eclipse-workspace2\\framework\\src\\General-Store.apk","automationName":"uiautomator2","appium:chromeOptions":{"w3c":false},"platformName":"Android","deviceName":"emulator1","avd":"emulator1"},null,{"firstMatch":[{"appium:app":"C:\\Users\\joelv\\eclipse-workspace2\\framework\\src\\General-Store.apk","appium:chromeOptions":{"w3c":false},"appium:automationName":"uiautomator2","appium:avd":"emulator1","appium:deviceName":"emulator1","platformName":"android"}]}]
[debug] &amp#27;[35m[BaseDriver]&amp#27;[39m Event 'newSessionRequested' logged at 1642589077274 (16:14:37 GMT+0530 (India Standard Time))
&amp#27;[35m[Appium]&amp#27;[39m Appium v1.22.1 creating new AndroidUiautomator2Driver (v1.70.1) session
[debug] &amp#27;[35m[BaseDriver]&amp#27;[39m W3C capabilities and MJSONWP desired capabilities were provided
[debug] &amp#27;[35m[BaseDriver]&amp#27;[39m Creating session with W3C capabilities: {
[debug] &amp#27;[35m[BaseDriver]&amp#27;[39m   "alwaysMatch": {
[debug] &amp#27;[35m[BaseDriver]&amp#27;[39m     "platformName": "android",
[debug] &amp#27;[35m[BaseDriver]&amp#27;[39m     "appium:app": "C:\\Users\\joelv\\eclipse-workspace2\\framework\\src\\General-Store.apk",
[debug] &amp#27;[35m[BaseDriver]&amp#27;[39m     "appium:chromeOptions": {
[debug] &amp#27;[35m[BaseDriver]&amp#27;[39m       "w3c": false
[debug] &amp#27;[35m[BaseDriver]&amp#27;[39m     },
[debug] &amp#27;[35m[BaseDriver]&amp#27;[39m     "appium:automationName": "uiautomator2",
[debug] &amp#27;[35m[BaseDriver]&amp#27;[39m     "appium:avd": "emulator1",
[debug] &amp#27;[35m[BaseDriver]&amp#27;[39m     "appium:deviceName": "emulator1"
[debug] &amp#27;[35m[BaseDriver]&amp#27;[39m   },
[debug] &amp#27;[35m[BaseDriver]&amp#27;[39m   "firstMatch": [
[debug] &amp#27;[35m[BaseDriver]&amp#27;[39m     {}
[debug] &amp#27;[35m[BaseDriver]&amp#27;[39m   ]
[debug] &amp#27;[35m[BaseDriver]&amp#27;[39m }
&amp#27;[35m[BaseDriver]&amp#27;[39m Session created with session id: 128d8ddc-7577-471c-8309-375e33727bae
&amp#27;[35m[BaseDriver]&amp#27;[39m Using local app 'C:\Users\joelv\eclipse-workspace2\framework\src\General-Store.apk'
[debug] &amp#27;[35m[UiAutomator2]&amp#27;[39m Checking whether app is actually present
&amp#27;[35m[ADB]&amp#27;[39m Found 1 'build-tools' folders under 'C:\Users\joelv\AppData\Local\Android\Sdk' (newest first):
&amp#27;[35m[ADB]&amp#27;[39m     C:/Users/joelv/AppData/Local/Android/Sdk/build-tools/32.0.0
&amp#27;[35m[ADB]&amp#27;[39m Using 'adb.exe' from 'C:\Users\joelv\AppData\Local\Android\Sdk\platform-tools\adb.exe'
[debug] &amp#27;[35m[ADB]&amp#27;[39m Running 'C:\Users\joelv\AppData\Local\Android\Sdk\platform-tools\adb.exe -P 5037 start-server'
[debug] &amp#27;[35m[ADB]&amp#27;[39m Trying to find 'emulator1' emulator
[debug] &amp#27;[35m[ADB]&amp#27;[39m Getting connected emulators
[debug] &amp#27;[35m[ADB]&amp#27;[39m Getting connected devices
[debug] &amp#27;[35m[ADB]&amp#27;[39m Connected devices: [{"udid":"emulator-5554","state":"device"}]
[debug] &amp#27;[35m[ADB]&amp#27;[39m 1 emulator connected
[debug] &amp#27;[35m[ADB]&amp#27;[39m Overriding C:\Users\joelv\.emulator_console_auth_token with an empty string to avoid telnet authentication for emulator commands
[debug] &amp#27;[35m[ADB]&amp#27;[39m Executing Emulator console command: avd name
[debug] &amp#27;[35m[ADB]&amp#27;[39m Found emulator 'emulator1' on port 5554
[debug] &amp#27;[35m[ADB]&amp#27;[39m Setting device id to emulator-5554
[debug] &amp#27;[35m[AndroidDriver]&amp#27;[39m Not launching AVD because it is already running.
&amp#27;[35m[AndroidDriver]&amp#27;[39m Using device: emulator-5554
&amp#27;[35m[ADB]&amp#27;[39m Using 'adb.exe' from 'C:\Users\joelv\AppData\Local\Android\Sdk\platform-tools\adb.exe'
[debug] &amp#27;[35m[ADB]&amp#27;[39m Running 'C:\Users\joelv\AppData\Local\Android\Sdk\platform-tools\adb.exe -P 5037 start-server'
[debug] &amp#27;[35m[ADB]&amp#27;[39m Setting device id to emulator-5554
[debug] &amp#27;[35m[ADB]&amp#27;[39m Running 'C:\Users\joelv\AppData\Local\Android\Sdk\platform-tools\adb.exe -P 5037 -s emulator-5554 shell getprop ro.build.version.sdk'
[debug] &amp#27;[35m[ADB]&amp#27;[39m Current device property 'ro.build.version.sdk': 30
&amp#27;[35m[ADB]&amp#27;[39m Getting device platform version
[debug] &amp#27;[35m[ADB]&amp#27;[39m Running 'C:\Users\joelv\AppData\Local\Android\Sdk\platform-tools\adb.exe -P 5037 -s emulator-5554 shell getprop ro.build.version.release'
[debug] &amp#27;[35m[ADB]&amp#27;[39m Current device property 'ro.build.version.release': 11
[debug] &amp#27;[35m[ADB]&amp#27;[39m Device API level: 30
&amp#27;[35m[UiAutomator2]&amp#27;[39m Relaxing hidden api policy
[debug] &amp#27;[35m[ADB]&amp#27;[39m Running 'C:\Users\joelv\AppData\Local\Android\Sdk\platform-tools\adb.exe -P 5037 -s emulator-5554 shell 'settings put global hidden_api_policy_pre_p_apps 1;settings put global hidden_api_policy_p_apps 1;settings put global hidden_api_policy 1''
[debug] &amp#27;[35m[AndroidDriver]&amp#27;[39m Parsing package and activity from app manifest
&amp#27;[35m[ADB]&amp#27;[39m Package name: 'com.androidsample.generalstore'
&amp#27;[35m[ADB]&amp#27;[39m Main activity name: 'com.androidsample.generalstore.SplashActivity'
[debug] &amp#27;[35m[AndroidDriver]&amp#27;[39m Parsed package and activity are: com.androidsample.generalstore/com.androidsample.generalstore.SplashActivity
[debug] &amp#27;[35m[ADB]&amp#27;[39m Running 'C:\Users\joelv\AppData\Local\Android\Sdk\platform-tools\adb.exe -P 5037 -s emulator-5554 wait-for-device'
[debug] &amp#27;[35m[ADB]&amp#27;[39m Running 'C:\Users\joelv\AppData\Local\Android\Sdk\platform-tools\adb.exe -P 5037 -s emulator-5554 shell echo ping'
[debug] &amp#27;[35m[AndroidDriver]&amp#27;[39m Pushing settings apk to device...
[debug] &amp#27;[35m[ADB]&amp#27;[39m Getting install status for io.appium.settings
[debug] &amp#27;[35m[ADB]&amp#27;[39m Running 'C:\Users\joelv\AppData\Local\Android\Sdk\platform-tools\adb.exe -P 5037 -s emulator-5554 shell dumpsys package io.appium.settings'
[debug] &amp#27;[35m[ADB]&amp#27;[39m 'io.appium.settings' is installed
[debug] &amp#27;[35m[ADB]&amp#27;[39m Getting package info for 'io.appium.settings'
[debug] &amp#27;[35m[ADB]&amp#27;[39m Running 'C:\Users\joelv\AppData\Local\Android\Sdk\platform-tools\adb.exe -P 5037 -s emulator-5554 shell dumpsys package io.appium.settings'
[debug] &amp#27;[35m[ADB]&amp#27;[39m The version name of the installed 'io.appium.settings' is greater or equal to the application version name ('3.4.0' >= '3.4.0')
[debug] &amp#27;[35m[ADB]&amp#27;[39m There is no need to install/upgrade 'C:\Users\joelv\AppData\Roaming\npm\node_modules\appium\node_modules\io.appium.settings\apks\settings_apk-debug.apk'
[debug] &amp#27;[35m[ADB]&amp#27;[39m Getting IDs of all 'io.appium.settings' processes
[debug] &amp#27;[35m[ADB]&amp#27;[39m Running 'C:\Users\joelv\AppData\Local\Android\Sdk\platform-tools\adb.exe -P 5037 -s emulator-5554 shell 'pgrep --help; echo $?''
[debug] &amp#27;[35m[ADB]&amp#27;[39m Running 'C:\Users\joelv\AppData\Local\Android\Sdk\platform-tools\adb.exe -P 5037 -s emulator-5554 shell pgrep -f \(\[\[:blank:\]\]\|\^\)io\.appium\.settings\(\[\[:blank:\]\]\|\$\)'
[debug] &amp#27;[35m[AndroidDriver]&amp#27;[39m io.appium.settings is already running. There is no need to reset its permissions.
[debug] &amp#27;[35m[Logcat]&amp#27;[39m Starting logs capture with command: C:\\Users\\joelv\\AppData\\Local\\Android\\Sdk\\platform-tools\\adb.exe -P 5037 -s emulator-5554 logcat -v threadtime
[debug] &amp#27;[35m[UiAutomator2]&amp#27;[39m Forwarding UiAutomator2 Server port 6790 to local port 8201
[debug] &amp#27;[35m[ADB]&amp#27;[39m Forwarding system: 8201 to device: 6790
[debug] &amp#27;[35m[ADB]&amp#27;[39m Running 'C:\Users\joelv\AppData\Local\Android\Sdk\platform-tools\adb.exe -P 5037 -s emulator-5554 forward tcp:8201 tcp:6790'
[debug] &amp#27;[35m[ADB]&amp#27;[39m Getting install status for io.appium.uiautomator2.server
[debug] &amp#27;[35m[ADB]&amp#27;[39m Running 'C:\Users\joelv\AppData\Local\Android\Sdk\platform-tools\adb.exe -P 5037 -s emulator-5554 shell dumpsys package io.appium.uiautomator2.server'
[debug] &amp#27;[35m[ADB]&amp#27;[39m 'io.appium.uiautomator2.server' is installed
[debug] &amp#27;[35m[ADB]&amp#27;[39m Getting package info for 'io.appium.uiautomator2.server'
[debug] &amp#27;[35m[ADB]&amp#27;[39m Running 'C:\Users\joelv\AppData\Local\Android\Sdk\platform-tools\adb.exe -P 5037 -s emulator-5554 shell dumpsys package io.appium.uiautomator2.server'
[debug] &amp#27;[35m[ADB]&amp#27;[39m The version name of the installed 'io.appium.uiautomator2.server' is greater or equal to the application version name ('4.27.0' >= '4.27.0')
[debug] &amp#27;[35m[UiAutomator2]&amp#27;[39m io.appium.uiautomator2.server installation state: sameVersionInstalled
[debug] &amp#27;[35m[ADB]&amp#27;[39m Checking app cert for C:\Users\joelv\AppData\Roaming\npm\node_modules\appium\node_modules\appium-uiautomator2-server\apks\appium-uiautomator2-server-v4.27.0.apk
&amp#27;[35m[ADB]&amp#27;[39m Using 'apksigner.jar' from 'C:\Users\joelv\AppData\Local\Android\Sdk\build-tools\32.0.0\lib\apksigner.jar'
[debug] &amp#27;[35m[ADB]&amp#27;[39m Starting apksigner: 'C:\\Program Files\\Java\\jdk1.8.0_311\\bin\\java.exe' -Xmx1024M -Xss1m -jar C:\\Users\\joelv\\AppData\\Local\\Android\\Sdk\\build-tools\\32.0.0\\lib\\apksigner.jar verify --print-certs C:\\Users\\joelv\\AppData\\Roaming\\npm\\node_modules\\appium\\node_modules\\appium-uiautomator2-server\\apks\\appium-uiautomator2-server-v4.27.0.apk
[debug] &amp#27;[35m[ADB]&amp#27;[39m apksigner stdout: Signer #1 certificate DN: EMAILADDRESS=android@android.com, CN=Android, OU=Android, O=Android, L=Mountain View, ST=California, C=US
[debug] &amp#27;[35m[ADB]&amp#27;[39m Signer #1 certificate SHA-256 digest: a40da80a59d170caa950cf15c18c454d47a39b26989d8b640ecd745ba71bf5dc
[debug] &amp#27;[35m[ADB]&amp#27;[39m Signer #1 certificate SHA-1 digest: 61ed377e85d386a8dfee6b864bd85b0bfaa5af81
[debug] &amp#27;[35m[ADB]&amp#27;[39m Signer #1 certificate MD5 digest: e89b158e4bcf988ebd09eb83f5378e87
[debug] &amp#27;[35m[ADB]&amp#27;[39m 
[debug] &amp#27;[35m[ADB]&amp#27;[39m sha256 hash did match for 'appium-uiautomator2-server-v4.27.0.apk'
&amp#27;[35m[ADB]&amp#27;[39m 'C:\Users\joelv\AppData\Roaming\npm\node_modules\appium\node_modules\appium-uiautomator2-server\apks\appium-uiautomator2-server-v4.27.0.apk' is signed with the default certificate
[debug] &amp#27;[35m[ADB]&amp#27;[39m Getting install status for io.appium.uiautomator2.server.test
[debug] &amp#27;[35m[ADB]&amp#27;[39m Running 'C:\Users\joelv\AppData\Local\Android\Sdk\platform-tools\adb.exe -P 5037 -s emulator-5554 shell dumpsys package io.appium.uiautomator2.server.test'
[debug] &amp#27;[35m[ADB]&amp#27;[39m 'io.appium.uiautomator2.server.test' is installed
[debug] &amp#27;[35m[ADB]&amp#27;[39m Checking app cert for C:\Users\joelv\AppData\Roaming\npm\node_modules\appium\node_modules\appium-uiautomator2-server\apks\appium-uiautomator2-server-debug-androidTest.apk
[debug] &amp#27;[35m[ADB]&amp#27;[39m Starting apksigner: 'C:\\Program Files\\Java\\jdk1.8.0_311\\bin\\java.exe' -Xmx1024M -Xss1m -jar C:\\Users\\joelv\\AppData\\Local\\Android\\Sdk\\build-tools\\32.0.0\\lib\\apksigner.jar verify --print-certs C:\\Users\\joelv\\AppData\\Roaming\\npm\\node_modules\\appium\\node_modules\\appium-uiautomator2-server\\apks\\appium-uiautomator2-server-debug-androidTest.apk
[debug] &amp#27;[35m[ADB]&amp#27;[39m apksigner stdout: Signer #1 certificate DN: EMAILADDRESS=android@android.com, CN=Android, OU=Android, O=Android, L=Mountain View, ST=California, C=US
[debug] &amp#27;[35m[ADB]&amp#27;[39m Signer #1 certificate SHA-256 digest: a40da80a59d170caa950cf15c18c454d47a39b26989d8b640ecd745ba71bf5dc
[debug] &amp#27;[35m[ADB]&amp#27;[39m Signer #1 certificate SHA-1 digest: 61ed377e85d386a8dfee6b864bd85b0bfaa5af81
[debug] &amp#27;[35m[ADB]&amp#27;[39m Signer #1 certificate MD5 digest: e89b158e4bcf988ebd09eb83f5378e87
[debug] &amp#27;[35m[ADB]&amp#27;[39m 
[debug] &amp#27;[35m[ADB]&amp#27;[39m sha256 hash did match for 'appium-uiautomator2-server-debug-androidTest.apk'
&amp#27;[35m[ADB]&amp#27;[39m 'C:\Users\joelv\AppData\Roaming\npm\node_modules\appium\node_modules\appium-uiautomator2-server\apks\appium-uiautomator2-server-debug-androidTest.apk' is signed with the default certificate
&amp#27;[35m[UiAutomator2]&amp#27;[39m Server packages are not going to be (re)installed
[debug] &amp#27;[35m[UiAutomator2]&amp#27;[39m Waiting up to 30000ms for services to be available
[debug] &amp#27;[35m[ADB]&amp#27;[39m Running 'C:\Users\joelv\AppData\Local\Android\Sdk\platform-tools\adb.exe -P 5037 -s emulator-5554 shell pm list instrumentation'
[debug] &amp#27;[35m[UiAutomator2]&amp#27;[39m Instrumentation target 'io.appium.uiautomator2.server.test/androidx.test.runner.AndroidJUnitRunner' is available
&amp#27;[35m[ADB]&amp#27;[39m Adding packages ["io.appium.settings","io.appium.uiautomator2.server","io.appium.uiautomator2.server.test"] to Doze whitelist
[debug] &amp#27;[35m[ADB]&amp#27;[39m Got the following command chunks to execute: [["dumpsys","deviceidle","whitelist","+io.appium.settings",";","dumpsys","deviceidle","whitelist","+io.appium.uiautomator2.server",";","dumpsys","deviceidle","whitelist","+io.appium.uiautomator2.server.test",";"]]
[debug] &amp#27;[35m[ADB]&amp#27;[39m Running 'C:\Users\joelv\AppData\Local\Android\Sdk\platform-tools\adb.exe -P 5037 -s emulator-5554 shell dumpsys deviceidle whitelist +io.appium.settings ; dumpsys deviceidle whitelist +io.appium.uiautomator2.server ; dumpsys deviceidle whitelist +io.appium.uiautomator2.server.test ;'
[debug] &amp#27;[35m[ADB]&amp#27;[39m Checking app cert for C:\Users\joelv\eclipse-workspace2\framework\src\General-Store.apk
[debug] &amp#27;[35m[ADB]&amp#27;[39m Starting apksigner: 'C:\\Program Files\\Java\\jdk1.8.0_311\\bin\\java.exe' -Xmx1024M -Xss1m -jar C:\\Users\\joelv\\AppData\\Local\\Android\\Sdk\\build-tools\\32.0.0\\lib\\apksigner.jar verify --print-certs C:\\Users\\joelv\\eclipse-workspace2\\framework\\src\\General-Store.apk
[debug] &amp#27;[35m[ADB]&amp#27;[39m apksigner stdout: Signer #1 certificate DN: EMAILADDRESS=android@android.com, CN=Android, OU=Android, O=Android, L=Mountain View, ST=California, C=US
[debug] &amp#27;[35m[ADB]&amp#27;[39m Signer #1 certificate SHA-256 digest: a40da80a59d170caa950cf15c18c454d47a39b26989d8b640ecd745ba71bf5dc
[debug] &amp#27;[35m[ADB]&amp#27;[39m Signer #1 certificate SHA-1 digest: 61ed377e85d386a8dfee6b864bd85b0bfaa5af81
[debug] &amp#27;[35m[ADB]&amp#27;[39m Signer #1 certificate MD5 digest: e89b158e4bcf988ebd09eb83f5378e87
[debug] &amp#27;[35m[ADB]&amp#27;[39m 
[debug] &amp#27;[35m[ADB]&amp#27;[39m sha256 hash did match for 'General-Store.apk'
&amp#27;[35m[ADB]&amp#27;[39m 'C:\Users\joelv\eclipse-workspace2\framework\src\General-Store.apk' is signed with the default certificate
[debug] &amp#27;[35m[ADB]&amp#27;[39m Getting install status for com.androidsample.generalstore
[debug] &amp#27;[35m[ADB]&amp#27;[39m Running 'C:\Users\joelv\AppData\Local\Android\Sdk\platform-tools\adb.exe -P 5037 -s emulator-5554 shell dumpsys package com.androidsample.generalstore'
[debug] &amp#27;[35m[ADB]&amp#27;[39m 'com.androidsample.generalstore' is installed
[debug] &amp#27;[35m[ADB]&amp#27;[39m Getting package info for 'com.androidsample.generalstore'
[debug] &amp#27;[35m[ADB]&amp#27;[39m Running 'C:\Users\joelv\AppData\Local\Android\Sdk\platform-tools\adb.exe -P 5037 -s emulator-5554 shell dumpsys package com.androidsample.generalstore'
[debug] &amp#27;[35m[ADB]&amp#27;[39m The version name of the installed 'com.androidsample.generalstore' is greater or equal to the application version name ('1.0.0' >= '1.0.0')
[debug] &amp#27;[35m[ADB]&amp#27;[39m There is no need to install/upgrade 'C:\Users\joelv\eclipse-workspace2\framework\src\General-Store.apk'
&amp#27;[35m[AndroidDriver]&amp#27;[39m Performing fast reset on 'com.androidsample.generalstore'
[debug] &amp#27;[35m[ADB]&amp#27;[39m Getting install status for com.androidsample.generalstore
[debug] &amp#27;[35m[ADB]&amp#27;[39m Running 'C:\Users\joelv\AppData\Local\Android\Sdk\platform-tools\adb.exe -P 5037 -s emulator-5554 shell dumpsys package com.androidsample.generalstore'
[debug] &amp#27;[35m[ADB]&amp#27;[39m 'com.androidsample.generalstore' is installed
[debug] &amp#27;[35m[ADB]&amp#27;[39m Running 'C:\Users\joelv\AppData\Local\Android\Sdk\platform-tools\adb.exe -P 5037 -s emulator-5554 shell am force-stop com.androidsample.generalstore'
[debug] &amp#27;[35m[ADB]&amp#27;[39m Running 'C:\Users\joelv\AppData\Local\Android\Sdk\platform-tools\adb.exe -P 5037 -s emulator-5554 shell pm clear com.androidsample.generalstore'
[debug] &amp#27;[35m[AndroidDriver]&amp#27;[39m Performed fast reset on the installed 'com.androidsample.generalstore' application (stop and clear)
[debug] &amp#27;[35m[UiAutomator2]&amp#27;[39m Performing shallow cleanup of automation leftovers
[debug] &amp#27;[35m[UiAutomator2]&amp#27;[39m The following obsolete sessions are still running: ["d25ec74c-9c3a-43fe-823c-4e3361057b77"]
[debug] &amp#27;[35m[UiAutomator2]&amp#27;[39m Cleaning up 1 obsolete session
[debug] &amp#27;[35m[ADB]&amp#27;[39m Running 'C:\Users\joelv\AppData\Local\Android\Sdk\platform-tools\adb.exe -P 5037 -s emulator-5554 shell am force-stop io.appium.uiautomator2.server.test'
&amp#27;[35m[UiAutomator2]&amp#27;[39m Starting UIAutomator2 server 4.27.0
&amp#27;[35m[UiAutomator2]&amp#27;[39m Using UIAutomator2 server from 'C:\Users\joelv\AppData\Roaming\npm\node_modules\appium\node_modules\appium-uiautomator2-server\apks\appium-uiautomator2-server-v4.27.0.apk' and test from 'C:\Users\joelv\AppData\Roaming\npm\node_modules\appium\node_modules\appium-uiautomator2-server\apks\appium-uiautomator2-server-debug-androidTest.apk'
&amp#27;[35m[UiAutomator2]&amp#27;[39m Waiting up to 30000ms for UiAutomator2 to be online...
[debug] &amp#27;[35m[ADB]&amp#27;[39m Creating ADB subprocess with args: ["-P",5037,"-s","emulator-5554","shell","am","instrument","-w","-e","disableAnalytics",true,"io.appium.uiautomator2.server.test/androidx.test.runner.AndroidJUnitRunner"]
[debug] &amp#27;[35m[WD Proxy]&amp#27;[39m Matched '/status' to command name 'getStatus'
[debug] &amp#27;[35m[WD Proxy]&amp#27;[39m Proxying [GET /status] to [GET http://127.0.0.1:8201/wd/hub/status] with no body
&amp#27;[35m[WD Proxy]&amp#27;[39m socket hang up
[debug] &amp#27;[35m[Instrumentation]&amp#27;[39m io.appium.uiautomator2.server.test.AppiumUiAutomator2Server:
[debug] &amp#27;[35m[WD Proxy]&amp#27;[39m Matched '/status' to command name 'getStatus'
[debug] &amp#27;[35m[WD Proxy]&amp#27;[39m Proxying [GET /status] to [GET http://127.0.0.1:8201/wd/hub/status] with no body
&amp#27;[35m[WD Proxy]&amp#27;[39m socket hang up
[debug] &amp#27;[35m[WD Proxy]&amp#27;[39m Matched '/status' to command name 'getStatus'
[debug] &amp#27;[35m[WD Proxy]&amp#27;[39m Proxying [GET /status] to [GET http://127.0.0.1:8201/wd/hub/status] with no body
[debug] &amp#27;[35m[WD Proxy]&amp#27;[39m Got response with status 200: {"sessionId":"None","value":{"message":"UiAutomator2 Server is ready to accept commands","ready":true}}
[debug] &amp#27;[35m[UiAutomator2]&amp#27;[39m The initialization of the instrumentation process took 2093ms
[debug] &amp#27;[35m[WD Proxy]&amp#27;[39m Matched '/session' to command name 'createSession'
[debug] &amp#27;[35m[WD Proxy]&amp#27;[39m Proxying [POST /session] to [POST http://127.0.0.1:8201/wd/hub/session] with body: {"capabilities":{"firstMatch":[{"platform":"LINUX","webStorageEnabled":false,"takesScreenshot":true,"javascriptEnabled":true,"databaseEnabled":false,"networkConnectionEnabled":true,"locationContextEnabled":false,"warnings":{},"desired":{"platformName":"android","app":"C:\\Users\\joelv\\eclipse-workspace2\\framework\\src\\General-Store.apk","chromeOptions":{"w3c":false},"automationName":"uiautomator2","avd":"emulator1","deviceName":"emulator1"},"platformName":"android","app":"C:\\Users\\joelv\\eclipse-workspace2\\framework\\src\\General-Store.apk","chromeOptions":{"w3c":false},"automationName":"uiautomator2","avd":"emulator1","deviceName":"emulator-5554","deviceUDID":"emulator-5554","appPackage":"com.androidsample.generalstore"}],"alwaysMatch":{}}}
[debug] &amp#27;[35m[WD Proxy]&amp#27;[39m Got response with status 200: {"sessionId":"dc869bad-750d-4099-b5c3-3470bd4324c1","value":{"capabilities":{"firstMatch":[{"platform":"LINUX","webStorageEnabled":false,"takesScreenshot":true,"javascriptEnabled":true,"databaseEnabled":false,"networkConnectionEnabled":true,"locationContextEnabled":false,"warnings":{},"desired":{"platformName":"android","app":"C:\\Users\\joelv\\eclipse-workspace2\\framework\\src\\General-Store.apk","chromeOptions":{"w3c":false},"automationName":"uiautomator2","avd":"emulator1","deviceName":"emulator1"},"platformName":"android","app":"C:\\Users\\joelv\\eclipse-workspace2\\framework\\src\\General-Store.apk","chromeOptions":{"w3c":false},"automationName":"uiautomator2","avd":"emulator1","deviceName":"emulator-5554","deviceUDID":"emulator-5554","appPackage":"com.androidsample.generalstore"}],"alwaysMatch":{}},"sessionId":"dc869bad-750d-4099-b5c3-3470bd4324c1"}}
&amp#27;[35m[WD Proxy]&amp#27;[39m Determined the downstream protocol as 'W3C'
[debug] &amp#27;[35m[WD Proxy]&amp#27;[39m Proxying [GET /appium/device/info] to [GET http://127.0.0.1:8201/wd/hub/session/dc869bad-750d-4099-b5c3-3470bd4324c1/appium/device/info] with no body
[debug] &amp#27;[35m[WD Proxy]&amp#27;[39m Got response with status 200: {"sessionId":"dc869bad-750d-4099-b5c3-3470bd4324c1","value":{"androidId":"36aa52b107025819","apiVersion":"30","bluetooth":{"state":"ON"},"brand":"Android","carrierName":"Android","displayDensity":560,"locale":"en_US","manufacturer":"unknown","model":"Android SDK built for x86","networks":[{"capabilities":{"SSID":null,"linkDownBandwidthKbps":141000,"linkUpstreamBandwidthKbps":141000,"networkCapabilities":"NET_CAPABILITY_NOT_METERED,NET_CAPABILITY_INTERNET,NET_CAPABILITY_NOT_RESTRICTED,NET_CAPABILITY_TRUSTED,NET_CAPABILITY_NOT_VPN,NET_CAPABILITY_VALIDATED,NET_CAPABILITY_NOT_ROAMING,NET_CAPABILITY_FOREGROUND,NET_CAPABILITY_NOT_CONGESTED,NET_CAPABILITY_NOT_SUSPENDED","signalStrength":-30,"transportTypes":"TRANSPORT_WIFI"},"detailedState":"CONNECTED","extraInfo":"","isAvailable":true,"isConnected":true,"isFailover":false,"isRoaming":false,"state":"CONNECTED","subtype":0,"subtypeName":"","type":1,"typeName":"WIFI"},{"capabilities":{"SSID":null,"linkDownBandwidthKbps":30000,"linkUpstreamBandwidthKbps":15000,"netw...
[debug] &amp#27;[35m[ADB]&amp#27;[39m Running 'C:\Users\joelv\AppData\Local\Android\Sdk\platform-tools\adb.exe -P 5037 -s emulator-5554 shell dumpsys window'
&amp#27;[35m[AndroidDriver]&amp#27;[39m Screen already unlocked, doing nothing
&amp#27;[35m[UiAutomator2]&amp#27;[39m Starting 'com.androidsample.generalstore/com.androidsample.generalstore.SplashActivity and waiting for 'com.androidsample.generalstore/com.androidsample.generalstore.SplashActivity'
[debug] &amp#27;[35m[ADB]&amp#27;[39m Running 'C:\Users\joelv\AppData\Local\Android\Sdk\platform-tools\adb.exe -P 5037 -s emulator-5554 shell am start -W -n com.androidsample.generalstore/com.androidsample.generalstore.SplashActivity -S -a android.intent.action.MAIN -c android.intent.category.LAUNCHER -f 0x10200000'
[debug] &amp#27;[35m[ADB]&amp#27;[39m Waiting up to 20000ms for activity matching pkg: 'com.androidsample.generalstore' and activity: 'com.androidsample.generalstore.SplashActivity' to be focused
[debug] &amp#27;[35m[ADB]&amp#27;[39m Possible activities, to be checked: 'com.androidsample.generalstore.SplashActivity', 'com.androidsample.generalstore.com.androidsample.generalstore.SplashActivity'
[debug] &amp#27;[35m[ADB]&amp#27;[39m Getting focused package and activity
[debug] &amp#27;[35m[ADB]&amp#27;[39m Running 'C:\Users\joelv\AppData\Local\Android\Sdk\platform-tools\adb.exe -P 5037 -s emulator-5554 shell dumpsys window displays'
[debug] &amp#27;[35m[ADB]&amp#27;[39m Found package: 'com.androidsample.generalstore' and fully qualified activity name : 'com.androidsample.generalstore.SplashActivity'
[debug] &amp#27;[35m[WD Proxy]&amp#27;[39m Proxying [GET /appium/device/pixel_ratio] to [GET http://127.0.0.1:8201/wd/hub/session/dc869bad-750d-4099-b5c3-3470bd4324c1/appium/device/pixel_ratio] with no body
[debug] &amp#27;[35m[WD Proxy]&amp#27;[39m Got response with status 200: {"sessionId":"dc869bad-750d-4099-b5c3-3470bd4324c1","value":3.5}
[debug] &amp#27;[35m[WD Proxy]&amp#27;[39m Matched '/appium/device/system_bars' to command name 'getSystemBars'
[debug] &amp#27;[35m[WD Proxy]&amp#27;[39m Proxying [GET /appium/device/system_bars] to [GET http://127.0.0.1:8201/wd/hub/session/dc869bad-750d-4099-b5c3-3470bd4324c1/appium/device/system_bars] with no body
[debug] &amp#27;[35m[WD Proxy]&amp#27;[39m Got response with status 200: {"sessionId":"dc869bad-750d-4099-b5c3-3470bd4324c1","value":{"statusBar":84}}
[debug] &amp#27;[35m[WD Proxy]&amp#27;[39m Matched '/window/current/size' to command name 'getWindowSize'
[debug] &amp#27;[35m[WD Proxy]&amp#27;[39m Proxying [GET /window/current/size] to [GET http://127.0.0.1:8201/wd/hub/session/dc869bad-750d-4099-b5c3-3470bd4324c1/window/current/size] with no body
[debug] &amp#27;[35m[WD Proxy]&amp#27;[39m Got response with status 200: {"sessionId":"dc869bad-750d-4099-b5c3-3470bd4324c1","value":{"height":2712,"width":1440}}
&amp#27;[35m[Appium]&amp#27;[39m New AndroidUiautomator2Driver session created successfully, session 128d8ddc-7577-471c-8309-375e33727bae added to master session list
[debug] &amp#27;[35m[BaseDriver]&amp#27;[39m Event 'newSessionStarted' logged at 1642589083771 (16:14:43 GMT+0530 (India Standard Time))
[debug] &amp#27;[35m[W3C (128d8ddc)]&amp#27;[39m Cached the protocol value 'W3C' for the new session 128d8ddc-7577-471c-8309-375e33727bae
[debug] &amp#27;[35m[W3C (128d8ddc)]&amp#27;[39m Responding to client with driver.createSession() result: {"capabilities":{"platform":"LINUX","webStorageEnabled":false,"takesScreenshot":true,"javascriptEnabled":true,"databaseEnabled":false,"networkConnectionEnabled":true,"locationContextEnabled":false,"warnings":{},"desired":{"platformName":"android","app":"C:\\Users\\joelv\\eclipse-workspace2\\framework\\src\\General-Store.apk","chromeOptions":{"w3c":false},"automationName":"uiautomator2","avd":"emulator1","deviceName":"emulator1"},"platformName":"android","app":"C:\\Users\\joelv\\eclipse-workspace2\\framework\\src\\General-Store.apk","chromeOptions":{"w3c":false},"automationName":"uiautomator2","avd":"emulator1","deviceName":"emulator-5554","deviceUDID":"emulator-5554","appPackage":"com.androidsample.generalstore","deviceApiLevel":30,"platformVersion":"11","deviceScreenSize":"1440x2880","deviceScreenDensity":560,"deviceModel":"Android SDK built for x86","deviceManufacturer":"unknown","pixelRatio":3.5,"statBarHeight":84,"viewportRect":{"left":0,"top":84,"width":1440,"height":2628}}}
&amp#27;[35m[HTTP]&amp#27;[39m &amp#27;[37m<-- POST /wd/hub/session &amp#27;[39m&amp#27;[32m200&amp#27;[39m &amp#27;[90m6499 ms - 1055&amp#27;[39m
&amp#27;[35m[HTTP]&amp#27;[39m &amp#27;[90m&amp#27;[39m
&amp#27;[35m[HTTP]&amp#27;[39m &amp#27;[37m-->&amp#27;[39m &amp#27;[37mPOST&amp#27;[39m &amp#27;[37m/wd/hub/session/128d8ddc-7577-471c-8309-375e33727bae/timeouts&amp#27;[39m
&amp#27;[35m[HTTP]&amp#27;[39m &amp#27;[90m{"implicit":12000}&amp#27;[39m
[debug] &amp#27;[35m[W3C (128d8ddc)]&amp#27;[39m Calling AppiumDriver.timeouts() with args: [null,null,null,null,12000,"128d8ddc-7577-471c-8309-375e33727bae"]
[debug] &amp#27;[35m[BaseDriver]&amp#27;[39m W3C timeout argument: {"implicit":12000}}
[debug] &amp#27;[35m[BaseDriver]&amp#27;[39m Set implicit wait to 12000ms
[debug] &amp#27;[35m[W3C (128d8ddc)]&amp#27;[39m Responding to client with driver.timeouts() result: null
&amp#27;[35m[HTTP]&amp#27;[39m &amp#27;[37m<-- POST /wd/hub/session/128d8ddc-7577-471c-8309-375e33727bae/timeouts &amp#27;[39m&amp#27;[32m200&amp#27;[39m &amp#27;[90m2 ms - 14&amp#27;[39m
&amp#27;[35m[HTTP]&amp#27;[39m &amp#27;[90m&amp#27;[39m
&amp#27;[35m[HTTP]&amp#27;[39m &amp#27;[37m-->&amp#27;[39m &amp#27;[37mGET&amp#27;[39m &amp#27;[37m/wd/hub/session/128d8ddc-7577-471c-8309-375e33727bae/context&amp#27;[39m
&amp#27;[35m[HTTP]&amp#27;[39m &amp#27;[90m{}&amp#27;[39m
[debug] &amp#27;[35m[W3C (128d8ddc)]&amp#27;[39m Calling AppiumDriver.getCurrentContext() with args: ["128d8ddc-7577-471c-8309-375e33727bae"]
[debug] &amp#27;[35m[W3C (128d8ddc)]&amp#27;[39m Responding to client with driver.getCurrentContext() result: "NATIVE_APP"
&amp#27;[35m[HTTP]&amp#27;[39m &amp#27;[37m<-- GET /wd/hub/session/128d8ddc-7577-471c-8309-375e33727bae/context &amp#27;[39m&amp#27;[32m200&amp#27;[39m &amp#27;[90m3 ms - 22&amp#27;[39m
&amp#27;[35m[HTTP]&amp#27;[39m &amp#27;[90m&amp#27;[39m
&amp#27;[35m[HTTP]&amp#27;[39m &amp#27;[37m-->&amp#27;[39m &amp#27;[37mPOST&amp#27;[39m &amp#27;[37m/wd/hub/session/128d8ddc-7577-471c-8309-375e33727bae/element&amp#27;[39m
&amp#27;[35m[HTTP]&amp#27;[39m &amp#27;[90m{"using":"id","value":"com.androidsample.generalstore:id/nameField"}&amp#27;[39m
[debug] &amp#27;[35m[W3C (128d8ddc)]&amp#27;[39m Calling AppiumDriver.findElement() with args: ["id","com.androidsample.generalstore:id/nameField","128d8ddc-7577-471c-8309-375e33727bae"]
[debug] &amp#27;[35m[BaseDriver]&amp#27;[39m Valid locator strategies for this request: xpath, id, class name, accessibility id, css selector, -android uiautomator
[debug] &amp#27;[35m[BaseDriver]&amp#27;[39m Waiting up to 12000 ms for condition
[debug] &amp#27;[35m[WD Proxy]&amp#27;[39m Matched '/element' to command name 'findElement'
[debug] &amp#27;[35m[WD Proxy]&amp#27;[39m Proxying [POST /element] to [POST http://127.0.0.1:8201/wd/hub/session/dc869bad-750d-4099-b5c3-3470bd4324c1/element] with body: {"strategy":"id","selector":"com.androidsample.generalstore:id/nameField","context":"","multiple":false}
&amp#27;[35m[WD Proxy]&amp#27;[39m Got response with status 404: {"sessionId":"dc869bad-750d-4099-b5c3-3470bd4324c1","value":{"error":"no such element","message":"An element could not be located on the page using the given search parameters","stacktrace":"io.appium.uiautomator2.common.exceptions.ElementNotFoundException: An element could not be located on the page using the given search parameters\n\tat io.appium.uiautomator2.handler.FindElement.safeHandle(FindElement.java:70)\n\tat io.appium.uiautomator2.handler.request.SafeRequestHandler.handle(SafeRequestHandler.java:59)\n\tat io.appium.uiautomator2.server.AppiumServlet.handleRequest(AppiumServlet.java:266)\n\tat io.appium.uiautomator2.server.AppiumServlet.handleHttpRequest(AppiumServlet.java:260)\n\tat io.appium.uiautomator2.http.ServerHandler.channelRead(ServerHandler.java:68)\n\tat io.netty.channel.AbstractChannelHandlerContext.invokeChannelRead(AbstractChannelHandlerContext.java:366)\n\tat io.netty.channel.AbstractChannelHandlerContext.invokeChannelRead(AbstractChannelHandlerContext.java:352)\n\tat io.netty.chann...
[debug] &amp#27;[35m[W3C]&amp#27;[39m Matched W3C error code 'no such element' to NoSuchElementError
[debug] &amp#27;[35m[BaseDriver]&amp#27;[39m Waited for 174 ms so far
[debug] &amp#27;[35m[WD Proxy]&amp#27;[39m Matched '/element' to command name 'findElement'
[debug] &amp#27;[35m[WD Proxy]&amp#27;[39m Proxying [POST /element] to [POST http://127.0.0.1:8201/wd/hub/session/dc869bad-750d-4099-b5c3-3470bd4324c1/element] with body: {"strategy":"id","selector":"com.androidsample.generalstore:id/nameField","context":"","multiple":false}
&amp#27;[35m[WD Proxy]&amp#27;[39m Got response with status 404: {"sessionId":"dc869bad-750d-4099-b5c3-3470bd4324c1","value":{"error":"no such element","message":"An element could not be located on the page using the given search parameters","stacktrace":"io.appium.uiautomator2.common.exceptions.ElementNotFoundException: An element could not be located on the page using the given search parameters\n\tat io.appium.uiautomator2.handler.FindElement.safeHandle(FindElement.java:70)\n\tat io.appium.uiautomator2.handler.request.SafeRequestHandler.handle(SafeRequestHandler.java:59)\n\tat io.appium.uiautomator2.server.AppiumServlet.handleRequest(AppiumServlet.java:266)\n\tat io.appium.uiautomator2.server.AppiumServlet.handleHttpRequest(AppiumServlet.java:260)\n\tat io.appium.uiautomator2.http.ServerHandler.channelRead(ServerHandler.java:68)\n\tat io.netty.channel.AbstractChannelHandlerContext.invokeChannelRead(AbstractChannelHandlerContext.java:366)\n\tat io.netty.channel.AbstractChannelHandlerContext.invokeChannelRead(AbstractChannelHandlerContext.java:352)\n\tat io.netty.chann...
[debug] &amp#27;[35m[W3C]&amp#27;[39m Matched W3C error code 'no such element' to NoSuchElementError
[debug] &amp#27;[35m[BaseDriver]&amp#27;[39m Waited for 685 ms so far
[debug] &amp#27;[35m[WD Proxy]&amp#27;[39m Matched '/element' to command name 'findElement'
[debug] &amp#27;[35m[WD Proxy]&amp#27;[39m Proxying [POST /element] to [POST http://127.0.0.1:8201/wd/hub/session/dc869bad-750d-4099-b5c3-3470bd4324c1/element] with body: {"strategy":"id","selector":"com.androidsample.generalstore:id/nameField","context":"","multiple":false}
&amp#27;[35m[WD Proxy]&amp#27;[39m Got response with status 404: {"sessionId":"dc869bad-750d-4099-b5c3-3470bd4324c1","value":{"error":"no such element","message":"An element could not be located on the page using the given search parameters","stacktrace":"io.appium.uiautomator2.common.exceptions.ElementNotFoundException: An element could not be located on the page using the given search parameters\n\tat io.appium.uiautomator2.handler.FindElement.safeHandle(FindElement.java:70)\n\tat io.appium.uiautomator2.handler.request.SafeRequestHandler.handle(SafeRequestHandler.java:59)\n\tat io.appium.uiautomator2.server.AppiumServlet.handleRequest(AppiumServlet.java:266)\n\tat io.appium.uiautomator2.server.AppiumServlet.handleHttpRequest(AppiumServlet.java:260)\n\tat io.appium.uiautomator2.http.ServerHandler.channelRead(ServerHandler.java:68)\n\tat io.netty.channel.AbstractChannelHandlerContext.invokeChannelRead(AbstractChannelHandlerContext.java:366)\n\tat io.netty.channel.AbstractChannelHandlerContext.invokeChannelRead(AbstractChannelHandlerContext.java:352)\n\tat io.netty.chann...
[debug] &amp#27;[35m[W3C]&amp#27;[39m Matched W3C error code 'no such element' to NoSuchElementError
[debug] &amp#27;[35m[BaseDriver]&amp#27;[39m Waited for 1198 ms so far
[debug] &amp#27;[35m[WD Proxy]&amp#27;[39m Matched '/element' to command name 'findElement'
[debug] &amp#27;[35m[WD Proxy]&amp#27;[39m Proxying [POST /element] to [POST http://127.0.0.1:8201/wd/hub/session/dc869bad-750d-4099-b5c3-3470bd4324c1/element] with body: {"strategy":"id","selector":"com.androidsample.generalstore:id/nameField","context":"","multiple":false}
&amp#27;[35m[WD Proxy]&amp#27;[39m Got response with status 404: {"sessionId":"dc869bad-750d-4099-b5c3-3470bd4324c1","value":{"error":"no such element","message":"An element could not be located on the page using the given search parameters","stacktrace":"io.appium.uiautomator2.common.exceptions.ElementNotFoundException: An element could not be located on the page using the given search parameters\n\tat io.appium.uiautomator2.handler.FindElement.safeHandle(FindElement.java:70)\n\tat io.appium.uiautomator2.handler.request.SafeRequestHandler.handle(SafeRequestHandler.java:59)\n\tat io.appium.uiautomator2.server.AppiumServlet.handleRequest(AppiumServlet.java:266)\n\tat io.appium.uiautomator2.server.AppiumServlet.handleHttpRequest(AppiumServlet.java:260)\n\tat io.appium.uiautomator2.http.ServerHandler.channelRead(ServerHandler.java:68)\n\tat io.netty.channel.AbstractChannelHandlerContext.invokeChannelRead(AbstractChannelHandlerContext.java:366)\n\tat io.netty.channel.AbstractChannelHandlerContext.invokeChannelRead(AbstractChannelHandlerContext.java:352)\n\tat io.netty.chann...
[debug] &amp#27;[35m[W3C]&amp#27;[39m Matched W3C error code 'no such element' to NoSuchElementError
[debug] &amp#27;[35m[BaseDriver]&amp#27;[39m Waited for 1727 ms so far
[debug] &amp#27;[35m[WD Proxy]&amp#27;[39m Matched '/element' to command name 'findElement'
[debug] &amp#27;[35m[WD Proxy]&amp#27;[39m Proxying [POST /element] to [POST http://127.0.0.1:8201/wd/hub/session/dc869bad-750d-4099-b5c3-3470bd4324c1/element] with body: {"strategy":"id","selector":"com.androidsample.generalstore:id/nameField","context":"","multiple":false}
&amp#27;[35m[WD Proxy]&amp#27;[39m Got response with status 404: {"sessionId":"dc869bad-750d-4099-b5c3-3470bd4324c1","value":{"error":"no such element","message":"An element could not be located on the page using the given search parameters","stacktrace":"io.appium.uiautomator2.common.exceptions.ElementNotFoundException: An element could not be located on the page using the given search parameters\n\tat io.appium.uiautomator2.handler.FindElement.safeHandle(FindElement.java:70)\n\tat io.appium.uiautomator2.handler.request.SafeRequestHandler.handle(SafeRequestHandler.java:59)\n\tat io.appium.uiautomator2.server.AppiumServlet.handleRequest(AppiumServlet.java:266)\n\tat io.appium.uiautomator2.server.AppiumServlet.handleHttpRequest(AppiumServlet.java:260)\n\tat io.appium.uiautomator2.http.ServerHandler.channelRead(ServerHandler.java:68)\n\tat io.netty.channel.AbstractChannelHandlerContext.invokeChannelRead(AbstractChannelHandlerContext.java:366)\n\tat io.netty.channel.AbstractChannelHandlerContext.invokeChannelRead(AbstractChannelHandlerContext.java:352)\n\tat io.netty.chann...
[debug] &amp#27;[35m[W3C]&amp#27;[39m Matched W3C error code 'no such element' to NoSuchElementError
[debug] &amp#27;[35m[BaseDriver]&amp#27;[39m Waited for 2249 ms so far
[debug] &amp#27;[35m[WD Proxy]&amp#27;[39m Matched '/element' to command name 'findElement'
[debug] &amp#27;[35m[WD Proxy]&amp#27;[39m Proxying [POST /element] to [POST http://127.0.0.1:8201/wd/hub/session/dc869bad-750d-4099-b5c3-3470bd4324c1/element] with body: {"strategy":"id","selector":"com.androidsample.generalstore:id/nameField","context":"","multiple":false}
[debug] &amp#27;[35m[WD Proxy]&amp#27;[39m Got response with status 200: {"sessionId":"dc869bad-750d-4099-b5c3-3470bd4324c1","value":{"ELEMENT":"00000000-0000-00c1-ffff-ffff0000001d","element-6066-11e4-a52e-4f735466cecf":"00000000-0000-00c1-ffff-ffff0000001d"}}
[debug] &amp#27;[35m[W3C (128d8ddc)]&amp#27;[39m Responding to client with driver.findElement() result: {"element-6066-11e4-a52e-4f735466cecf":"00000000-0000-00c1-ffff-ffff0000001d","ELEMENT":"00000000-0000-00c1-ffff-ffff0000001d"}
&amp#27;[35m[HTTP]&amp#27;[39m &amp#27;[37m<-- POST /wd/hub/session/128d8ddc-7577-471c-8309-375e33727bae/element &amp#27;[39m&amp#27;[32m200&amp#27;[39m &amp#27;[90m3444 ms - 137&amp#27;[39m
&amp#27;[35m[HTTP]&amp#27;[39m &amp#27;[90m&amp#27;[39m
&amp#27;[35m[HTTP]&amp#27;[39m &amp#27;[37m-->&amp#27;[39m &amp#27;[37mPOST&amp#27;[39m &amp#27;[37m/wd/hub/session/128d8ddc-7577-471c-8309-375e33727bae/element/00000000-0000-00c1-ffff-ffff0000001d/value&amp#27;[39m
&amp#27;[35m[HTTP]&amp#27;[39m &amp#27;[90m{"id":"00000000-0000-00c1-ffff-ffff0000001d","text":"Shoes","value":["S","h","o","e","s"]}&amp#27;[39m
[debug] &amp#27;[35m[W3C (128d8ddc)]&amp#27;[39m Calling AppiumDriver.setValue() with args: [["S","h","o","e","s"],"00000000-0000-00c1-ffff-ffff0000001d","128d8ddc-7577-471c-8309-375e33727bae"]
[debug] &amp#27;[35m[WD Proxy]&amp#27;[39m Matched '/element/00000000-0000-00c1-ffff-ffff0000001d/value' to command name 'setValue'
[debug] &amp#27;[35m[Protocol Converter]&amp#27;[39m Added 'value' property ["S","h","o","e","s"] to 'setValue' request body
[debug] &amp#27;[35m[WD Proxy]&amp#27;[39m Proxying [POST /element/00000000-0000-00c1-ffff-ffff0000001d/value] to [POST http://127.0.0.1:8201/wd/hub/session/dc869bad-750d-4099-b5c3-3470bd4324c1/element/00000000-0000-00c1-ffff-ffff0000001d/value] with body: {"elementId":"00000000-0000-00c1-ffff-ffff0000001d","text":"Shoes","replace":false,"value":["S","h","o","e","s"]}
[debug] &amp#27;[35m[WD Proxy]&amp#27;[39m Got response with status 200: {"sessionId":"dc869bad-750d-4099-b5c3-3470bd4324c1","value":null}
[debug] &amp#27;[35m[W3C (128d8ddc)]&amp#27;[39m Responding to client with driver.setValue() result: null
&amp#27;[35m[HTTP]&amp#27;[39m &amp#27;[37m<-- POST /wd/hub/session/128d8ddc-7577-471c-8309-375e33727bae/element/00000000-0000-00c1-ffff-ffff0000001d/value &amp#27;[39m&amp#27;[32m200&amp#27;[39m &amp#27;[90m57 ms - 14&amp#27;[39m
&amp#27;[35m[HTTP]&amp#27;[39m &amp#27;[90m&amp#27;[39m
&amp#27;[35m[HTTP]&amp#27;[39m &amp#27;[37m-->&amp#27;[39m &amp#27;[37mPOST&amp#27;[39m &amp#27;[37m/wd/hub/session/128d8ddc-7577-471c-8309-375e33727bae/appium/device/hide_keyboard&amp#27;[39m
&amp#27;[35m[HTTP]&amp#27;[39m &amp#27;[90m{}&amp#27;[39m
[debug] &amp#27;[35m[W3C (128d8ddc)]&amp#27;[39m Calling AppiumDriver.hideKeyboard() with args: [null,null,null,null,"128d8ddc-7577-471c-8309-375e33727bae"]
[debug] &amp#27;[35m[ADB]&amp#27;[39m Running 'C:\Users\joelv\AppData\Local\Android\Sdk\platform-tools\adb.exe -P 5037 -s emulator-5554 shell dumpsys input_method'
&amp#27;[35m[ADB]&amp#27;[39m Keyboard has no UI; no closing necessary
[debug] &amp#27;[35m[W3C (128d8ddc)]&amp#27;[39m Responding to client with driver.hideKeyboard() result: false
&amp#27;[35m[HTTP]&amp#27;[39m &amp#27;[37m<-- POST /wd/hub/session/128d8ddc-7577-471c-8309-375e33727bae/appium/device/hide_keyboard &amp#27;[39m&amp#27;[32m200&amp#27;[39m &amp#27;[90m62 ms - 15&amp#27;[39m
&amp#27;[35m[HTTP]&amp#27;[39m &amp#27;[90m&amp#27;[39m
&amp#27;[35m[HTTP]&amp#27;[39m &amp#27;[37m-->&amp#27;[39m &amp#27;[37mGET&amp#27;[39m &amp#27;[37m/wd/hub/session/128d8ddc-7577-471c-8309-375e33727bae/context&amp#27;[39m
&amp#27;[35m[HTTP]&amp#27;[39m &amp#27;[90m{}&amp#27;[39m
[debug] &amp#27;[35m[W3C (128d8ddc)]&amp#27;[39m Calling AppiumDriver.getCurrentContext() with args: ["128d8ddc-7577-471c-8309-375e33727bae"]
[debug] &amp#27;[35m[W3C (128d8ddc)]&amp#27;[39m Responding to client with driver.getCurrentContext() result: "NATIVE_APP"
&amp#27;[35m[HTTP]&amp#27;[39m &amp#27;[37m<-- GET /wd/hub/session/128d8ddc-7577-471c-8309-375e33727bae/context &amp#27;[39m&amp#27;[32m200&amp#27;[39m &amp#27;[90m1 ms - 22&amp#27;[39m
&amp#27;[35m[HTTP]&amp#27;[39m &amp#27;[90m&amp#27;[39m
&amp#27;[35m[HTTP]&amp#27;[39m &amp#27;[37m-->&amp#27;[39m &amp#27;[37mPOST&amp#27;[39m &amp#27;[37m/wd/hub/session/128d8ddc-7577-471c-8309-375e33727bae/element&amp#27;[39m
&amp#27;[35m[HTTP]&amp#27;[39m &amp#27;[90m{"using":"xpath","value":"//*[@text='Female']"}&amp#27;[39m
[debug] &amp#27;[35m[W3C (128d8ddc)]&amp#27;[39m Calling AppiumDriver.findElement() with args: ["xpath","//*[@text='Female']","128d8ddc-7577-471c-8309-375e33727bae"]
[debug] &amp#27;[35m[BaseDriver]&amp#27;[39m Valid locator strategies for this request: xpath, id, class name, accessibility id, css selector, -android uiautomator
[debug] &amp#27;[35m[BaseDriver]&amp#27;[39m Waiting up to 12000 ms for condition
[debug] &amp#27;[35m[WD Proxy]&amp#27;[39m Matched '/element' to command name 'findElement'
[debug] &amp#27;[35m[WD Proxy]&amp#27;[39m Proxying [POST /element] to [POST http://127.0.0.1:8201/wd/hub/session/dc869bad-750d-4099-b5c3-3470bd4324c1/element] with body: {"strategy":"xpath","selector":"//*[@text='Female']","context":"","multiple":false}
[debug] &amp#27;[35m[WD Proxy]&amp#27;[39m Got response with status 200: {"sessionId":"dc869bad-750d-4099-b5c3-3470bd4324c1","value":{"ELEMENT":"00000000-0000-00c1-ffff-ffff00000021","element-6066-11e4-a52e-4f735466cecf":"00000000-0000-00c1-ffff-ffff00000021"}}
[debug] &amp#27;[35m[W3C (128d8ddc)]&amp#27;[39m Responding to client with driver.findElement() result: {"element-6066-11e4-a52e-4f735466cecf":"00000000-0000-00c1-ffff-ffff00000021","ELEMENT":"00000000-0000-00c1-ffff-ffff00000021"}
&amp#27;[35m[HTTP]&amp#27;[39m &amp#27;[37m<-- POST /wd/hub/session/128d8ddc-7577-471c-8309-375e33727bae/element &amp#27;[39m&amp#27;[32m200&amp#27;[39m &amp#27;[90m761 ms - 137&amp#27;[39m
&amp#27;[35m[HTTP]&amp#27;[39m &amp#27;[90m&amp#27;[39m
&amp#27;[35m[HTTP]&amp#27;[39m &amp#27;[37m-->&amp#27;[39m &amp#27;[37mPOST&amp#27;[39m &amp#27;[37m/wd/hub/session/128d8ddc-7577-471c-8309-375e33727bae/element/00000000-0000-00c1-ffff-ffff00000021/click&amp#27;[39m
&amp#27;[35m[HTTP]&amp#27;[39m &amp#27;[90m{"id":"00000000-0000-00c1-ffff-ffff00000021"}&amp#27;[39m
[debug] &amp#27;[35m[W3C (128d8ddc)]&amp#27;[39m Calling AppiumDriver.click() with args: ["00000000-0000-00c1-ffff-ffff00000021","128d8ddc-7577-471c-8309-375e33727bae"]
[debug] &amp#27;[35m[WD Proxy]&amp#27;[39m Matched '/element/00000000-0000-00c1-ffff-ffff00000021/click' to command name 'click'
[debug] &amp#27;[35m[WD Proxy]&amp#27;[39m Proxying [POST /element/00000000-0000-00c1-ffff-ffff00000021/click] to [POST http://127.0.0.1:8201/wd/hub/session/dc869bad-750d-4099-b5c3-3470bd4324c1/element/00000000-0000-00c1-ffff-ffff00000021/click] with body: {"element":"00000000-0000-00c1-ffff-ffff00000021"}
[debug] &amp#27;[35m[WD Proxy]&amp#27;[39m Got response with status 200: {"sessionId":"dc869bad-750d-4099-b5c3-3470bd4324c1","value":null}
[debug] &amp#27;[35m[W3C (128d8ddc)]&amp#27;[39m Responding to client with driver.click() result: null
&amp#27;[35m[HTTP]&amp#27;[39m &amp#27;[37m<-- POST /wd/hub/session/128d8ddc-7577-471c-8309-375e33727bae/element/00000000-0000-00c1-ffff-ffff00000021/click &amp#27;[39m&amp#27;[32m200&amp#27;[39m &amp#27;[90m50 ms - 14&amp#27;[39m
&amp#27;[35m[HTTP]&amp#27;[39m &amp#27;[90m&amp#27;[39m
&amp#27;[35m[HTTP]&amp#27;[39m &amp#27;[37m-->&amp#27;[39m &amp#27;[37mGET&amp#27;[39m &amp#27;[37m/wd/hub/session/128d8ddc-7577-471c-8309-375e33727bae/context&amp#27;[39m
&amp#27;[35m[HTTP]&amp#27;[39m &amp#27;[90m{}&amp#27;[39m
[debug] &amp#27;[35m[W3C (128d8ddc)]&amp#27;[39m Calling AppiumDriver.getCurrentContext() with args: ["128d8ddc-7577-471c-8309-375e33727bae"]
[debug] &amp#27;[35m[W3C (128d8ddc)]&amp#27;[39m Responding to client with driver.getCurrentContext() result: "NATIVE_APP"
&amp#27;[35m[HTTP]&amp#27;[39m &amp#27;[37m<-- GET /wd/hub/session/128d8ddc-7577-471c-8309-375e33727bae/context &amp#27;[39m&amp#27;[32m200&amp#27;[39m &amp#27;[90m1 ms - 22&amp#27;[39m
&amp#27;[35m[HTTP]&amp#27;[39m &amp#27;[90m&amp#27;[39m
&amp#27;[35m[HTTP]&amp#27;[39m &amp#27;[37m-->&amp#27;[39m &amp#27;[37mPOST&amp#27;[39m &amp#27;[37m/wd/hub/session/128d8ddc-7577-471c-8309-375e33727bae/element&amp#27;[39m
&amp#27;[35m[HTTP]&amp#27;[39m &amp#27;[90m{"using":"id","value":"android:id/text1"}&amp#27;[39m
[debug] &amp#27;[35m[W3C (128d8ddc)]&amp#27;[39m Calling AppiumDriver.findElement() with args: ["id","android:id/text1","128d8ddc-7577-471c-8309-375e33727bae"]
[debug] &amp#27;[35m[BaseDriver]&amp#27;[39m Valid locator strategies for this request: xpath, id, class name, accessibility id, css selector, -android uiautomator
[debug] &amp#27;[35m[BaseDriver]&amp#27;[39m Waiting up to 12000 ms for condition
[debug] &amp#27;[35m[WD Proxy]&amp#27;[39m Matched '/element' to command name 'findElement'
[debug] &amp#27;[35m[WD Proxy]&amp#27;[39m Proxying [POST /element] to [POST http://127.0.0.1:8201/wd/hub/session/dc869bad-750d-4099-b5c3-3470bd4324c1/element] with body: {"strategy":"id","selector":"android:id/text1","context":"","multiple":false}
[debug] &amp#27;[35m[WD Proxy]&amp#27;[39m Got response with status 200: {"sessionId":"dc869bad-750d-4099-b5c3-3470bd4324c1","value":{"ELEMENT":"00000000-0000-00c1-ffff-ffff00000024","element-6066-11e4-a52e-4f735466cecf":"00000000-0000-00c1-ffff-ffff00000024"}}
[debug] &amp#27;[35m[W3C (128d8ddc)]&amp#27;[39m Responding to client with driver.findElement() result: {"element-6066-11e4-a52e-4f735466cecf":"00000000-0000-00c1-ffff-ffff00000024","ELEMENT":"00000000-0000-00c1-ffff-ffff00000024"}
&amp#27;[35m[HTTP]&amp#27;[39m &amp#27;[37m<-- POST /wd/hub/session/128d8ddc-7577-471c-8309-375e33727bae/element &amp#27;[39m&amp#27;[32m200&amp#27;[39m &amp#27;[90m33 ms - 137&amp#27;[39m
&amp#27;[35m[HTTP]&amp#27;[39m &amp#27;[90m&amp#27;[39m
&amp#27;[35m[HTTP]&amp#27;[39m &amp#27;[37m-->&amp#27;[39m &amp#27;[37mPOST&amp#27;[39m &amp#27;[37m/wd/hub/session/128d8ddc-7577-471c-8309-375e33727bae/element/00000000-0000-00c1-ffff-ffff00000024/click&amp#27;[39m
&amp#27;[35m[HTTP]&amp#27;[39m &amp#27;[90m{"id":"00000000-0000-00c1-ffff-ffff00000024"}&amp#27;[39m
[debug] &amp#27;[35m[W3C (128d8ddc)]&amp#27;[39m Calling AppiumDriver.click() with args: ["00000000-0000-00c1-ffff-ffff00000024","128d8ddc-7577-471c-8309-375e33727bae"]
[debug] &amp#27;[35m[WD Proxy]&amp#27;[39m Matched '/element/00000000-0000-00c1-ffff-ffff00000024/click' to command name 'click'
[debug] &amp#27;[35m[WD Proxy]&amp#27;[39m Proxying [POST /element/00000000-0000-00c1-ffff-ffff00000024/click] to [POST http://127.0.0.1:8201/wd/hub/session/dc869bad-750d-4099-b5c3-3470bd4324c1/element/00000000-0000-00c1-ffff-ffff00000024/click] with body: {"element":"00000000-0000-00c1-ffff-ffff00000024"}
[debug] &amp#27;[35m[WD Proxy]&amp#27;[39m Got response with status 200: {"sessionId":"dc869bad-750d-4099-b5c3-3470bd4324c1","value":null}
[debug] &amp#27;[35m[W3C (128d8ddc)]&amp#27;[39m Responding to client with driver.click() result: null
&amp#27;[35m[HTTP]&amp#27;[39m &amp#27;[37m<-- POST /wd/hub/session/128d8ddc-7577-471c-8309-375e33727bae/element/00000000-0000-00c1-ffff-ffff00000024/click &amp#27;[39m&amp#27;[32m200&amp#27;[39m &amp#27;[90m577 ms - 14&amp#27;[39m
&amp#27;[35m[HTTP]&amp#27;[39m &amp#27;[90m&amp#27;[39m
&amp#27;[35m[HTTP]&amp#27;[39m &amp#27;[37m-->&amp#27;[39m &amp#27;[37mPOST&amp#27;[39m &amp#27;[37m/wd/hub/session/128d8ddc-7577-471c-8309-375e33727bae/element&amp#27;[39m
&amp#27;[35m[HTTP]&amp#27;[39m &amp#27;[90m{"using":"-android uiautomator","value":"new UiScrollable(new UiSelector()).scrollIntoView(text(\"Brazil\"));"}&amp#27;[39m
[debug] &amp#27;[35m[W3C (128d8ddc)]&amp#27;[39m Calling AppiumDriver.findElement() with args: ["-android uiautomator","new UiScrollable(new UiSelector()).scrollIntoView(text(\"Brazil\"));","128d8ddc-7577-471c-8309-375e33727bae"]
[debug] &amp#27;[35m[BaseDriver]&amp#27;[39m Valid locator strategies for this request: xpath, id, class name, accessibility id, css selector, -android uiautomator
[debug] &amp#27;[35m[BaseDriver]&amp#27;[39m Waiting up to 12000 ms for condition
[debug] &amp#27;[35m[WD Proxy]&amp#27;[39m Matched '/element' to command name 'findElement'
[debug] &amp#27;[35m[WD Proxy]&amp#27;[39m Proxying [POST /element] to [POST http://127.0.0.1:8201/wd/hub/session/dc869bad-750d-4099-b5c3-3470bd4324c1/element] with body: {"strategy":"-android uiautomator","selector":"new UiScrollable(new UiSelector()).scrollIntoView(text(\"Brazil\"));","context":"","multiple":false}
[debug] &amp#27;[35m[WD Proxy]&amp#27;[39m Got response with status 200: {"sessionId":"dc869bad-750d-4099-b5c3-3470bd4324c1","value":{"ELEMENT":"00000000-0000-00c2-ffff-ffff00000033","element-6066-11e4-a52e-4f735466cecf":"00000000-0000-00c2-ffff-ffff00000033"}}
[debug] &amp#27;[35m[W3C (128d8ddc)]&amp#27;[39m Responding to client with driver.findElement() result: {"element-6066-11e4-a52e-4f735466cecf":"00000000-0000-00c2-ffff-ffff00000033","ELEMENT":"00000000-0000-00c2-ffff-ffff00000033"}
&amp#27;[35m[HTTP]&amp#27;[39m &amp#27;[37m<-- POST /wd/hub/session/128d8ddc-7577-471c-8309-375e33727bae/element &amp#27;[39m&amp#27;[32m200&amp#27;[39m &amp#27;[90m8008 ms - 137&amp#27;[39m
&amp#27;[35m[HTTP]&amp#27;[39m &amp#27;[90m&amp#27;[39m
&amp#27;[35m[HTTP]&amp#27;[39m &amp#27;[37m-->&amp#27;[39m &amp#27;[37mGET&amp#27;[39m &amp#27;[37m/wd/hub/session/128d8ddc-7577-471c-8309-375e33727bae/context&amp#27;[39m
&amp#27;[35m[HTTP]&amp#27;[39m &amp#27;[90m{}&amp#27;[39m
[debug] &amp#27;[35m[W3C (128d8ddc)]&amp#27;[39m Calling AppiumDriver.getCurrentContext() with args: ["128d8ddc-7577-471c-8309-375e33727bae"]
[debug] &amp#27;[35m[W3C (128d8ddc)]&amp#27;[39m Responding to client with driver.getCurrentContext() result: "NATIVE_APP"
&amp#27;[35m[HTTP]&amp#27;[39m &amp#27;[37m<-- GET /wd/hub/session/128d8ddc-7577-471c-8309-375e33727bae/context &amp#27;[39m&amp#27;[32m200&amp#27;[39m &amp#27;[90m1 ms - 22&amp#27;[39m
&amp#27;[35m[HTTP]&amp#27;[39m &amp#27;[90m&amp#27;[39m
&amp#27;[35m[HTTP]&amp#27;[39m &amp#27;[37m-->&amp#27;[39m &amp#27;[37mPOST&amp#27;[39m &amp#27;[37m/wd/hub/session/128d8ddc-7577-471c-8309-375e33727bae/element&amp#27;[39m
&amp#27;[35m[HTTP]&amp#27;[39m &amp#27;[90m{"using":"xpath","value":"//*[@text='Brazil']"}&amp#27;[39m
[debug] &amp#27;[35m[W3C (128d8ddc)]&amp#27;[39m Calling AppiumDriver.findElement() with args: ["xpath","//*[@text='Brazil']","128d8ddc-7577-471c-8309-375e33727bae"]
[debug] &amp#27;[35m[BaseDriver]&amp#27;[39m Valid locator strategies for this request: xpath, id, class name, accessibility id, css selector, -android uiautomator
[debug] &amp#27;[35m[BaseDriver]&amp#27;[39m Waiting up to 12000 ms for condition
[debug] &amp#27;[35m[WD Proxy]&amp#27;[39m Matched '/element' to command name 'findElement'
[debug] &amp#27;[35m[WD Proxy]&amp#27;[39m Proxying [POST /element] to [POST http://127.0.0.1:8201/wd/hub/session/dc869bad-750d-4099-b5c3-3470bd4324c1/element] with body: {"strategy":"xpath","selector":"//*[@text='Brazil']","context":"","multiple":false}
[debug] &amp#27;[35m[WD Proxy]&amp#27;[39m Got response with status 200: {"sessionId":"dc869bad-750d-4099-b5c3-3470bd4324c1","value":{"ELEMENT":"00000000-0000-00c2-ffff-ffff00000033","element-6066-11e4-a52e-4f735466cecf":"00000000-0000-00c2-ffff-ffff00000033"}}
[debug] &amp#27;[35m[W3C (128d8ddc)]&amp#27;[39m Responding to client with driver.findElement() result: {"element-6066-11e4-a52e-4f735466cecf":"00000000-0000-00c2-ffff-ffff00000033","ELEMENT":"00000000-0000-00c2-ffff-ffff00000033"}
&amp#27;[35m[HTTP]&amp#27;[39m &amp#27;[37m<-- POST /wd/hub/session/128d8ddc-7577-471c-8309-375e33727bae/element &amp#27;[39m&amp#27;[32m200&amp#27;[39m &amp#27;[90m33 ms - 137&amp#27;[39m
&amp#27;[35m[HTTP]&amp#27;[39m &amp#27;[90m&amp#27;[39m
&amp#27;[35m[HTTP]&amp#27;[39m &amp#27;[37m-->&amp#27;[39m &amp#27;[37mPOST&amp#27;[39m &amp#27;[37m/wd/hub/session/128d8ddc-7577-471c-8309-375e33727bae/element/00000000-0000-00c2-ffff-ffff00000033/click&amp#27;[39m
&amp#27;[35m[HTTP]&amp#27;[39m &amp#27;[90m{"id":"00000000-0000-00c2-ffff-ffff00000033"}&amp#27;[39m
[debug] &amp#27;[35m[W3C (128d8ddc)]&amp#27;[39m Calling AppiumDriver.click() with args: ["00000000-0000-00c2-ffff-ffff00000033","128d8ddc-7577-471c-8309-375e33727bae"]
[debug] &amp#27;[35m[WD Proxy]&amp#27;[39m Matched '/element/00000000-0000-00c2-ffff-ffff00000033/click' to command name 'click'
[debug] &amp#27;[35m[WD Proxy]&amp#27;[39m Proxying [POST /element/00000000-0000-00c2-ffff-ffff00000033/click] to [POST http://127.0.0.1:8201/wd/hub/session/dc869bad-750d-4099-b5c3-3470bd4324c1/element/00000000-0000-00c2-ffff-ffff00000033/click] with body: {"element":"00000000-0000-00c2-ffff-ffff00000033"}
[debug] &amp#27;[35m[WD Proxy]&amp#27;[39m Got response with status 200: {"sessionId":"dc869bad-750d-4099-b5c3-3470bd4324c1","value":null}
[debug] &amp#27;[35m[W3C (128d8ddc)]&amp#27;[39m Responding to client with driver.click() result: null
&amp#27;[35m[HTTP]&amp#27;[39m &amp#27;[37m<-- POST /wd/hub/session/128d8ddc-7577-471c-8309-375e33727bae/element/00000000-0000-00c2-ffff-ffff00000033/click &amp#27;[39m&amp#27;[32m200&amp#27;[39m &amp#27;[90m658 ms - 14&amp#27;[39m
&amp#27;[35m[HTTP]&amp#27;[39m &amp#27;[90m&amp#27;[39m
&amp#27;[35m[HTTP]&amp#27;[39m &amp#27;[37m-->&amp#27;[39m &amp#27;[37mGET&amp#27;[39m &amp#27;[37m/wd/hub/session/128d8ddc-7577-471c-8309-375e33727bae/context&amp#27;[39m
&amp#27;[35m[HTTP]&amp#27;[39m &amp#27;[90m{}&amp#27;[39m
[debug] &amp#27;[35m[W3C (128d8ddc)]&amp#27;[39m Calling AppiumDriver.getCurrentContext() with args: ["128d8ddc-7577-471c-8309-375e33727bae"]
[debug] &amp#27;[35m[W3C (128d8ddc)]&amp#27;[39m Responding to client with driver.getCurrentContext() result: "NATIVE_APP"
&amp#27;[35m[HTTP]&amp#27;[39m &amp#27;[37m<-- GET /wd/hub/session/128d8ddc-7577-471c-8309-375e33727bae/context &amp#27;[39m&amp#27;[32m200&amp#27;[39m &amp#27;[90m1 ms - 22&amp#27;[39m
&amp#27;[35m[HTTP]&amp#27;[39m &amp#27;[90m&amp#27;[39m
&amp#27;[35m[HTTP]&amp#27;[39m &amp#27;[37m-->&amp#27;[39m &amp#27;[37mPOST&amp#27;[39m &amp#27;[37m/wd/hub/session/128d8ddc-7577-471c-8309-375e33727bae/element&amp#27;[39m
&amp#27;[35m[HTTP]&amp#27;[39m &amp#27;[90m{"using":"id","value":"com.androidsample.generalstore:id/btnLetsShop"}&amp#27;[39m
[debug] &amp#27;[35m[W3C (128d8ddc)]&amp#27;[39m Calling AppiumDriver.findElement() with args: ["id","com.androidsample.generalstore:id/btnLetsShop","128d8ddc-7577-471c-8309-375e33727bae"]
[debug] &amp#27;[35m[BaseDriver]&amp#27;[39m Valid locator strategies for this request: xpath, id, class name, accessibility id, css selector, -android uiautomator
[debug] &amp#27;[35m[BaseDriver]&amp#27;[39m Waiting up to 12000 ms for condition
[debug] &amp#27;[35m[WD Proxy]&amp#27;[39m Matched '/element' to command name 'findElement'
[debug] &amp#27;[35m[WD Proxy]&amp#27;[39m Proxying [POST /element] to [POST http://127.0.0.1:8201/wd/hub/session/dc869bad-750d-4099-b5c3-3470bd4324c1/element] with body: {"strategy":"id","selector":"com.androidsample.generalstore:id/btnLetsShop","context":"","multiple":false}
[debug] &amp#27;[35m[WD Proxy]&amp#27;[39m Got response with status 200: {"sessionId":"dc869bad-750d-4099-b5c3-3470bd4324c1","value":{"ELEMENT":"00000000-0000-00c1-ffff-ffff00000022","element-6066-11e4-a52e-4f735466cecf":"00000000-0000-00c1-ffff-ffff00000022"}}
[debug] &amp#27;[35m[W3C (128d8ddc)]&amp#27;[39m Responding to client with driver.findElement() result: {"element-6066-11e4-a52e-4f735466cecf":"00000000-0000-00c1-ffff-ffff00000022","ELEMENT":"00000000-0000-00c1-ffff-ffff00000022"}
&amp#27;[35m[HTTP]&amp#27;[39m &amp#27;[37m<-- POST /wd/hub/session/128d8ddc-7577-471c-8309-375e33727bae/element &amp#27;[39m&amp#27;[32m200&amp#27;[39m &amp#27;[90m13 ms - 137&amp#27;[39m
&amp#27;[35m[HTTP]&amp#27;[39m &amp#27;[90m&amp#27;[39m
&amp#27;[35m[HTTP]&amp#27;[39m &amp#27;[37m-->&amp#27;[39m &amp#27;[37mPOST&amp#27;[39m &amp#27;[37m/wd/hub/session/128d8ddc-7577-471c-8309-375e33727bae/element/00000000-0000-00c1-ffff-ffff00000022/click&amp#27;[39m
&amp#27;[35m[HTTP]&amp#27;[39m &amp#27;[90m{"id":"00000000-0000-00c1-ffff-ffff00000022"}&amp#27;[39m
[debug] &amp#27;[35m[W3C (128d8ddc)]&amp#27;[39m Calling AppiumDriver.click() with args: ["00000000-0000-00c1-ffff-ffff00000022","128d8ddc-7577-471c-8309-375e33727bae"]
[debug] &amp#27;[35m[WD Proxy]&amp#27;[39m Matched '/element/00000000-0000-00c1-ffff-ffff00000022/click' to command name 'click'
[debug] &amp#27;[35m[WD Proxy]&amp#27;[39m Proxying [POST /element/00000000-0000-00c1-ffff-ffff00000022/click] to [POST http://127.0.0.1:8201/wd/hub/session/dc869bad-750d-4099-b5c3-3470bd4324c1/element/00000000-0000-00c1-ffff-ffff00000022/click] with body: {"element":"00000000-0000-00c1-ffff-ffff00000022"}
[debug] &amp#27;[35m[WD Proxy]&amp#27;[39m Got response with status 200: {"sessionId":"dc869bad-750d-4099-b5c3-3470bd4324c1","value":null}
[debug] &amp#27;[35m[W3C (128d8ddc)]&amp#27;[39m Responding to client with driver.click() result: null
&amp#27;[35m[HTTP]&amp#27;[39m &amp#27;[37m<-- POST /wd/hub/session/128d8ddc-7577-471c-8309-375e33727bae/element/00000000-0000-00c1-ffff-ffff00000022/click &amp#27;[39m&amp#27;[32m200&amp#27;[39m &amp#27;[90m44 ms - 14&amp#27;[39m
&amp#27;[35m[HTTP]&amp#27;[39m &amp#27;[90m&amp#27;[39m
&amp#27;[35m[HTTP]&amp#27;[39m &amp#27;[37m-->&amp#27;[39m &amp#27;[37mGET&amp#27;[39m &amp#27;[37m/wd/hub/session/128d8ddc-7577-471c-8309-375e33727bae/context&amp#27;[39m
&amp#27;[35m[HTTP]&amp#27;[39m &amp#27;[90m{}&amp#27;[39m
[debug] &amp#27;[35m[W3C (128d8ddc)]&amp#27;[39m Calling AppiumDriver.getCurrentContext() with args: ["128d8ddc-7577-471c-8309-375e33727bae"]
[debug] &amp#27;[35m[W3C (128d8ddc)]&amp#27;[39m Responding to client with driver.getCurrentContext() result: "NATIVE_APP"
&amp#27;[35m[HTTP]&amp#27;[39m &amp#27;[37m<-- GET /wd/hub/session/128d8ddc-7577-471c-8309-375e33727bae/context &amp#27;[39m&amp#27;[32m200&amp#27;[39m &amp#27;[90m1 ms - 22&amp#27;[39m
&amp#27;[35m[HTTP]&amp#27;[39m &amp#27;[90m&amp#27;[39m
&amp#27;[35m[HTTP]&amp#27;[39m &amp#27;[37m-->&amp#27;[39m &amp#27;[37mPOST&amp#27;[39m &amp#27;[37m/wd/hub/session/128d8ddc-7577-471c-8309-375e33727bae/element&amp#27;[39m
&amp#27;[35m[HTTP]&amp#27;[39m &amp#27;[90m{"using":"id","value":"com.androidsample.generalstore:id/toolbar_title"}&amp#27;[39m
[debug] &amp#27;[35m[W3C (128d8ddc)]&amp#27;[39m Calling AppiumDriver.findElement() with args: ["id","com.androidsample.generalstore:id/toolbar_title","128d8ddc-7577-471c-8309-375e33727bae"]
[debug] &amp#27;[35m[BaseDriver]&amp#27;[39m Valid locator strategies for this request: xpath, id, class name, accessibility id, css selector, -android uiautomator
[debug] &amp#27;[35m[BaseDriver]&amp#27;[39m Waiting up to 12000 ms for condition
[debug] &amp#27;[35m[WD Proxy]&amp#27;[39m Matched '/element' to command name 'findElement'
[debug] &amp#27;[35m[WD Proxy]&amp#27;[39m Proxying [POST /element] to [POST http://127.0.0.1:8201/wd/hub/session/dc869bad-750d-4099-b5c3-3470bd4324c1/element] with body: {"strategy":"id","selector":"com.androidsample.generalstore:id/toolbar_title","context":"","multiple":false}
[debug] &amp#27;[35m[WD Proxy]&amp#27;[39m Got response with status 200: {"sessionId":"dc869bad-750d-4099-b5c3-3470bd4324c1","value":{"ELEMENT":"00000000-0000-00c3-ffff-ffff00000041","element-6066-11e4-a52e-4f735466cecf":"00000000-0000-00c3-ffff-ffff00000041"}}
[debug] &amp#27;[35m[W3C (128d8ddc)]&amp#27;[39m Responding to client with driver.findElement() result: {"element-6066-11e4-a52e-4f735466cecf":"00000000-0000-00c3-ffff-ffff00000041","ELEMENT":"00000000-0000-00c3-ffff-ffff00000041"}
&amp#27;[35m[HTTP]&amp#27;[39m &amp#27;[37m<-- POST /wd/hub/session/128d8ddc-7577-471c-8309-375e33727bae/element &amp#27;[39m&amp#27;[32m200&amp#27;[39m &amp#27;[90m20 ms - 137&amp#27;[39m
&amp#27;[35m[HTTP]&amp#27;[39m &amp#27;[90m&amp#27;[39m
&amp#27;[35m[HTTP]&amp#27;[39m &amp#27;[37m-->&amp#27;[39m &amp#27;[37mGET&amp#27;[39m &amp#27;[37m/wd/hub/session/128d8ddc-7577-471c-8309-375e33727bae/element/00000000-0000-00c3-ffff-ffff00000041/text&amp#27;[39m
&amp#27;[35m[HTTP]&amp#27;[39m &amp#27;[90m{}&amp#27;[39m
&amp#27;[35m[W3C (128d8ddc)]&amp#27;[39m Driver proxy active, passing request on via HTTP proxy
[debug] &amp#27;[35m[WD Proxy]&amp#27;[39m Matched '/wd/hub/session/128d8ddc-7577-471c-8309-375e33727bae/element/00000000-0000-00c3-ffff-ffff00000041/text' to command name 'getText'
[debug] &amp#27;[35m[WD Proxy]&amp#27;[39m Proxying [GET /wd/hub/session/128d8ddc-7577-471c-8309-375e33727bae/element/00000000-0000-00c3-ffff-ffff00000041/text] to [GET http://127.0.0.1:8201/wd/hub/session/dc869bad-750d-4099-b5c3-3470bd4324c1/element/00000000-0000-00c3-ffff-ffff00000041/text] with no body
[debug] &amp#27;[35m[WD Proxy]&amp#27;[39m Got response with status 200: {"sessionId":"dc869bad-750d-4099-b5c3-3470bd4324c1","value":"Products"}
&amp#27;[35m[WD Proxy]&amp#27;[39m Replacing sessionId dc869bad-750d-4099-b5c3-3470bd4324c1 with 128d8ddc-7577-471c-8309-375e33727bae
&amp#27;[35m[HTTP]&amp#27;[39m &amp#27;[37m<-- GET /wd/hub/session/128d8ddc-7577-471c-8309-375e33727bae/element/00000000-0000-00c3-ffff-ffff00000041/text &amp#27;[39m&amp#27;[32m200&amp#27;[39m &amp#27;[90m8 ms - 71&amp#27;[39m
&amp#27;[35m[HTTP]&amp#27;[39m &amp#27;[90m&amp#27;[39m
&amp#27;[35m[HTTP]&amp#27;[39m &amp#27;[37m-->&amp#27;[39m &amp#27;[37mGET&amp#27;[39m &amp#27;[37m/wd/hub/session/128d8ddc-7577-471c-8309-375e33727bae/context&amp#27;[39m
&amp#27;[35m[HTTP]&amp#27;[39m &amp#27;[90m{}&amp#27;[39m
[debug] &amp#27;[35m[W3C (128d8ddc)]&amp#27;[39m Calling AppiumDriver.getCurrentContext() with args: ["128d8ddc-7577-471c-8309-375e33727bae"]
[debug] &amp#27;[35m[W3C (128d8ddc)]&amp#27;[39m Responding to client with driver.getCurrentContext() result: "NATIVE_APP"
&amp#27;[35m[HTTP]&amp#27;[39m &amp#27;[37m<-- GET /wd/hub/session/128d8ddc-7577-471c-8309-375e33727bae/context &amp#27;[39m&amp#27;[32m200&amp#27;[39m &amp#27;[90m1 ms - 22&amp#27;[39m
&amp#27;[35m[HTTP]&amp#27;[39m &amp#27;[90m&amp#27;[39m
&amp#27;[35m[HTTP]&amp#27;[39m &amp#27;[37m-->&amp#27;[39m &amp#27;[37mPOST&amp#27;[39m &amp#27;[37m/wd/hub/session/128d8ddc-7577-471c-8309-375e33727bae/element&amp#27;[39m
&amp#27;[35m[HTTP]&amp#27;[39m &amp#27;[90m{"using":"id","value":"com.androidsample.generalstore:id/toolbar_title"}&amp#27;[39m
[debug] &amp#27;[35m[W3C (128d8ddc)]&amp#27;[39m Calling AppiumDriver.findElement() with args: ["id","com.androidsample.generalstore:id/toolbar_title","128d8ddc-7577-471c-8309-375e33727bae"]
[debug] &amp#27;[35m[BaseDriver]&amp#27;[39m Valid locator strategies for this request: xpath, id, class name, accessibility id, css selector, -android uiautomator
[debug] &amp#27;[35m[BaseDriver]&amp#27;[39m Waiting up to 12000 ms for condition
[debug] &amp#27;[35m[WD Proxy]&amp#27;[39m Matched '/element' to command name 'findElement'
[debug] &amp#27;[35m[WD Proxy]&amp#27;[39m Proxying [POST /element] to [POST http://127.0.0.1:8201/wd/hub/session/dc869bad-750d-4099-b5c3-3470bd4324c1/element] with body: {"strategy":"id","selector":"com.androidsample.generalstore:id/toolbar_title","context":"","multiple":false}
[debug] &amp#27;[35m[WD Proxy]&amp#27;[39m Got response with status 200: {"sessionId":"dc869bad-750d-4099-b5c3-3470bd4324c1","value":{"ELEMENT":"00000000-0000-00c3-ffff-ffff00000041","element-6066-11e4-a52e-4f735466cecf":"00000000-0000-00c3-ffff-ffff00000041"}}
[debug] &amp#27;[35m[W3C (128d8ddc)]&amp#27;[39m Responding to client with driver.findElement() result: {"element-6066-11e4-a52e-4f735466cecf":"00000000-0000-00c3-ffff-ffff00000041","ELEMENT":"00000000-0000-00c3-ffff-ffff00000041"}
&amp#27;[35m[HTTP]&amp#27;[39m &amp#27;[37m<-- POST /wd/hub/session/128d8ddc-7577-471c-8309-375e33727bae/element &amp#27;[39m&amp#27;[32m200&amp#27;[39m &amp#27;[90m13 ms - 137&amp#27;[39m
&amp#27;[35m[HTTP]&amp#27;[39m &amp#27;[90m&amp#27;[39m
&amp#27;[35m[HTTP]&amp#27;[39m &amp#27;[37m-->&amp#27;[39m &amp#27;[37mGET&amp#27;[39m &amp#27;[37m/wd/hub/session/128d8ddc-7577-471c-8309-375e33727bae/element/00000000-0000-00c3-ffff-ffff00000041/text&amp#27;[39m
&amp#27;[35m[HTTP]&amp#27;[39m &amp#27;[90m{}&amp#27;[39m
&amp#27;[35m[W3C (128d8ddc)]&amp#27;[39m Driver proxy active, passing request on via HTTP proxy
[debug] &amp#27;[35m[WD Proxy]&amp#27;[39m Matched '/wd/hub/session/128d8ddc-7577-471c-8309-375e33727bae/element/00000000-0000-00c3-ffff-ffff00000041/text' to command name 'getText'
[debug] &amp#27;[35m[WD Proxy]&amp#27;[39m Proxying [GET /wd/hub/session/128d8ddc-7577-471c-8309-375e33727bae/element/00000000-0000-00c3-ffff-ffff00000041/text] to [GET http://127.0.0.1:8201/wd/hub/session/dc869bad-750d-4099-b5c3-3470bd4324c1/element/00000000-0000-00c3-ffff-ffff00000041/text] with no body
[debug] &amp#27;[35m[WD Proxy]&amp#27;[39m Got response with status 200: {"sessionId":"dc869bad-750d-4099-b5c3-3470bd4324c1","value":"Products"}
&amp#27;[35m[WD Proxy]&amp#27;[39m Replacing sessionId dc869bad-750d-4099-b5c3-3470bd4324c1 with 128d8ddc-7577-471c-8309-375e33727bae
&amp#27;[35m[HTTP]&amp#27;[39m &amp#27;[37m<-- GET /wd/hub/session/128d8ddc-7577-471c-8309-375e33727bae/element/00000000-0000-00c3-ffff-ffff00000041/text &amp#27;[39m&amp#27;[32m200&amp#27;[39m &amp#27;[90m12 ms - 71&amp#27;[39m
&amp#27;[35m[HTTP]&amp#27;[39m &amp#27;[90m&amp#27;[39m
HomePage Title is: Products
&amp#27;[35m[HTTP]&amp#27;[39m &amp#27;[37m-->&amp#27;[39m &amp#27;[37mGET&amp#27;[39m &amp#27;[37m/wd/hub/session/128d8ddc-7577-471c-8309-375e33727bae/context&amp#27;[39m
&amp#27;[35m[HTTP]&amp#27;[39m &amp#27;[90m{}&amp#27;[39m
[debug] &amp#27;[35m[W3C (128d8ddc)]&amp#27;[39m Calling AppiumDriver.getCurrentContext() with args: ["128d8ddc-7577-471c-8309-375e33727bae"]
[debug] &amp#27;[35m[W3C (128d8ddc)]&amp#27;[39m Responding to client with driver.getCurrentContext() result: "NATIVE_APP"
&amp#27;[35m[HTTP]&amp#27;[39m &amp#27;[37m<-- GET /wd/hub/session/128d8ddc-7577-471c-8309-375e33727bae/context &amp#27;[39m&amp#27;[32m200&amp#27;[39m &amp#27;[90m1 ms - 22&amp#27;[39m
&amp#27;[35m[HTTP]&amp#27;[39m &amp#27;[90m&amp#27;[39m
&amp#27;[35m[HTTP]&amp#27;[39m &amp#27;[37m-->&amp#27;[39m &amp#27;[37mPOST&amp#27;[39m &amp#27;[37m/wd/hub/session/128d8ddc-7577-471c-8309-375e33727bae/element&amp#27;[39m
&amp#27;[35m[HTTP]&amp#27;[39m &amp#27;[90m{"using":"xpath","value":"//*[@text='Air Jordan 4 Retro']"}&amp#27;[39m
[debug] &amp#27;[35m[W3C (128d8ddc)]&amp#27;[39m Calling AppiumDriver.findElement() with args: ["xpath","//*[@text='Air Jordan 4 Retro']","128d8ddc-7577-471c-8309-375e33727bae"]
[debug] &amp#27;[35m[BaseDriver]&amp#27;[39m Valid locator strategies for this request: xpath, id, class name, accessibility id, css selector, -android uiautomator
[debug] &amp#27;[35m[BaseDriver]&amp#27;[39m Waiting up to 12000 ms for condition
[debug] &amp#27;[35m[WD Proxy]&amp#27;[39m Matched '/element' to command name 'findElement'
[debug] &amp#27;[35m[WD Proxy]&amp#27;[39m Proxying [POST /element] to [POST http://127.0.0.1:8201/wd/hub/session/dc869bad-750d-4099-b5c3-3470bd4324c1/element] with body: {"strategy":"xpath","selector":"//*[@text='Air Jordan 4 Retro']","context":"","multiple":false}
[debug] &amp#27;[35m[WD Proxy]&amp#27;[39m Got response with status 200: {"sessionId":"dc869bad-750d-4099-b5c3-3470bd4324c1","value":{"ELEMENT":"00000000-0000-00c3-ffff-ffff0000004e","element-6066-11e4-a52e-4f735466cecf":"00000000-0000-00c3-ffff-ffff0000004e"}}
[debug] &amp#27;[35m[W3C (128d8ddc)]&amp#27;[39m Responding to client with driver.findElement() result: {"element-6066-11e4-a52e-4f735466cecf":"00000000-0000-00c3-ffff-ffff0000004e","ELEMENT":"00000000-0000-00c3-ffff-ffff0000004e"}
&amp#27;[35m[HTTP]&amp#27;[39m &amp#27;[37m<-- POST /wd/hub/session/128d8ddc-7577-471c-8309-375e33727bae/element &amp#27;[39m&amp#27;[32m200&amp#27;[39m &amp#27;[90m39 ms - 137&amp#27;[39m
&amp#27;[35m[HTTP]&amp#27;[39m &amp#27;[90m&amp#27;[39m
&amp#27;[35m[HTTP]&amp#27;[39m &amp#27;[37m-->&amp#27;[39m &amp#27;[37mGET&amp#27;[39m &amp#27;[37m/wd/hub/session/128d8ddc-7577-471c-8309-375e33727bae/element/00000000-0000-00c3-ffff-ffff0000004e/text&amp#27;[39m
&amp#27;[35m[HTTP]&amp#27;[39m &amp#27;[90m{}&amp#27;[39m
&amp#27;[35m[W3C (128d8ddc)]&amp#27;[39m Driver proxy active, passing request on via HTTP proxy
[debug] &amp#27;[35m[WD Proxy]&amp#27;[39m Matched '/wd/hub/session/128d8ddc-7577-471c-8309-375e33727bae/element/00000000-0000-00c3-ffff-ffff0000004e/text' to command name 'getText'
[debug] &amp#27;[35m[WD Proxy]&amp#27;[39m Proxying [GET /wd/hub/session/128d8ddc-7577-471c-8309-375e33727bae/element/00000000-0000-00c3-ffff-ffff0000004e/text] to [GET http://127.0.0.1:8201/wd/hub/session/dc869bad-750d-4099-b5c3-3470bd4324c1/element/00000000-0000-00c3-ffff-ffff0000004e/text] with no body
[debug] &amp#27;[35m[WD Proxy]&amp#27;[39m Got response with status 200: {"sessionId":"dc869bad-750d-4099-b5c3-3470bd4324c1","value":"Air Jordan 4 Retro"}
&amp#27;[35m[WD Proxy]&amp#27;[39m Replacing sessionId dc869bad-750d-4099-b5c3-3470bd4324c1 with 128d8ddc-7577-471c-8309-375e33727bae
&amp#27;[35m[HTTP]&amp#27;[39m &amp#27;[37m<-- GET /wd/hub/session/128d8ddc-7577-471c-8309-375e33727bae/element/00000000-0000-00c3-ffff-ffff0000004e/text &amp#27;[39m&amp#27;[32m200&amp#27;[39m &amp#27;[90m8 ms - 81&amp#27;[39m
&amp#27;[35m[HTTP]&amp#27;[39m &amp#27;[90m&amp#27;[39m
TopList ProductName is: Air Jordan 4 Retro
It is  displaying the correct  Products Page Successfully:Air Jordan 4 Retro
]]></system-out>
    <system-err><![CDATA[Jan 19, 2022 4:14:43 PM io.appium.java_client.remote.AppiumCommandExecutor$1 lambda$0
INFO: Detected dialect: W3C
]]></system-err>
  </testcase>
  <testcase name="toastMessage" classname="appium.framework.VerifyToastMessageTest" time="19.898">
    <system-out><![CDATA[&amp#27;[35m[Appium]&amp#27;[39m Welcome to Appium v1.22.1
&amp#27;[35m[Appium]&amp#27;[39m Appium REST http interface listener started on 0.0.0.0:4723
&amp#27;[35m[HTTP]&amp#27;[39m &amp#27;[37m-->&amp#27;[39m &amp#27;[37mGET&amp#27;[39m &amp#27;[37m/wd/hub/status&amp#27;[39m
&amp#27;[35m[HTTP]&amp#27;[39m &amp#27;[90m{}&amp#27;[39m
[debug] &amp#27;[35m[GENERIC]&amp#27;[39m Calling AppiumDriver.getStatus() with args: []
[debug] &amp#27;[35m[GENERIC]&amp#27;[39m Responding to client with driver.getStatus() result: {"build":{"version":"1.22.1"}}
&amp#27;[35m[HTTP]&amp#27;[39m &amp#27;[37m<-- GET /wd/hub/status &amp#27;[39m&amp#27;[32m200&amp#27;[39m &amp#27;[90m3 ms - 68&amp#27;[39m
&amp#27;[35m[HTTP]&amp#27;[39m &amp#27;[90m&amp#27;[39m
[debug] &amp#27;[35m[HTTP]&amp#27;[39m Request idempotency key: 28b37e8b-ac7d-452e-a1f3-19cf96ef3750
&amp#27;[35m[HTTP]&amp#27;[39m &amp#27;[37m-->&amp#27;[39m &amp#27;[37mPOST&amp#27;[39m &amp#27;[37m/wd/hub/session&amp#27;[39m
&amp#27;[35m[HTTP]&amp#27;[39m &amp#27;[90m{"desiredCapabilities":{"app":"C:\\Users\\joelv\\eclipse-workspace2\\framework\\src\\General-Store.apk","automationName":"uiautomator2","appium:chromeOptions":{"w3c":false},"platformName":"Android","deviceName":"emulator1","avd":"emulator1"},"capabilities":{"firstMatch":[{"appium:app":"C:\\Users\\joelv\\eclipse-workspace2\\framework\\src\\General-Store.apk","appium:chromeOptions":{"w3c":false},"appium:automationName":"uiautomator2","appium:avd":"emulator1","appium:deviceName":"emulator1","platformName":"android"}]}}&amp#27;[39m
[debug] &amp#27;[35m[W3C]&amp#27;[39m Calling AppiumDriver.createSession() with args: [{"app":"C:\\Users\\joelv\\eclipse-workspace2\\framework\\src\\General-Store.apk","automationName":"uiautomator2","appium:chromeOptions":{"w3c":false},"platformName":"Android","deviceName":"emulator1","avd":"emulator1"},null,{"firstMatch":[{"appium:app":"C:\\Users\\joelv\\eclipse-workspace2\\framework\\src\\General-Store.apk","appium:chromeOptions":{"w3c":false},"appium:automationName":"uiautomator2","appium:avd":"emulator1","appium:deviceName":"emulator1","platformName":"android"}]}]
[debug] &amp#27;[35m[BaseDriver]&amp#27;[39m Event 'newSessionRequested' logged at 1642589110809 (16:15:10 GMT+0530 (India Standard Time))
&amp#27;[35m[Appium]&amp#27;[39m Appium v1.22.1 creating new AndroidUiautomator2Driver (v1.70.1) session
[debug] &amp#27;[35m[BaseDriver]&amp#27;[39m W3C capabilities and MJSONWP desired capabilities were provided
[debug] &amp#27;[35m[BaseDriver]&amp#27;[39m Creating session with W3C capabilities: {
[debug] &amp#27;[35m[BaseDriver]&amp#27;[39m   "alwaysMatch": {
[debug] &amp#27;[35m[BaseDriver]&amp#27;[39m     "platformName": "android",
[debug] &amp#27;[35m[BaseDriver]&amp#27;[39m     "appium:app": "C:\\Users\\joelv\\eclipse-workspace2\\framework\\src\\General-Store.apk",
[debug] &amp#27;[35m[BaseDriver]&amp#27;[39m     "appium:chromeOptions": {
[debug] &amp#27;[35m[BaseDriver]&amp#27;[39m       "w3c": false
[debug] &amp#27;[35m[BaseDriver]&amp#27;[39m     },
[debug] &amp#27;[35m[BaseDriver]&amp#27;[39m     "appium:automationName": "uiautomator2",
[debug] &amp#27;[35m[BaseDriver]&amp#27;[39m     "appium:avd": "emulator1",
[debug] &amp#27;[35m[BaseDriver]&amp#27;[39m     "appium:deviceName": "emulator1"
[debug] &amp#27;[35m[BaseDriver]&amp#27;[39m   },
[debug] &amp#27;[35m[BaseDriver]&amp#27;[39m   "firstMatch": [
[debug] &amp#27;[35m[BaseDriver]&amp#27;[39m     {}
[debug] &amp#27;[35m[BaseDriver]&amp#27;[39m   ]
[debug] &amp#27;[35m[BaseDriver]&amp#27;[39m }
&amp#27;[35m[BaseDriver]&amp#27;[39m Session created with session id: 4c48d20c-54f3-4154-9ddd-e1b8d5b1ec40
&amp#27;[35m[BaseDriver]&amp#27;[39m Using local app 'C:\Users\joelv\eclipse-workspace2\framework\src\General-Store.apk'
[debug] &amp#27;[35m[UiAutomator2]&amp#27;[39m Checking whether app is actually present
&amp#27;[35m[ADB]&amp#27;[39m Found 1 'build-tools' folders under 'C:\Users\joelv\AppData\Local\Android\Sdk' (newest first):
&amp#27;[35m[ADB]&amp#27;[39m     C:/Users/joelv/AppData/Local/Android/Sdk/build-tools/32.0.0
&amp#27;[35m[ADB]&amp#27;[39m Using 'adb.exe' from 'C:\Users\joelv\AppData\Local\Android\Sdk\platform-tools\adb.exe'
[debug] &amp#27;[35m[ADB]&amp#27;[39m Running 'C:\Users\joelv\AppData\Local\Android\Sdk\platform-tools\adb.exe -P 5037 start-server'
[debug] &amp#27;[35m[ADB]&amp#27;[39m Trying to find 'emulator1' emulator
[debug] &amp#27;[35m[ADB]&amp#27;[39m Getting connected emulators
[debug] &amp#27;[35m[ADB]&amp#27;[39m Getting connected devices
[debug] &amp#27;[35m[ADB]&amp#27;[39m Connected devices: [{"udid":"emulator-5554","state":"device"}]
[debug] &amp#27;[35m[ADB]&amp#27;[39m 1 emulator connected
[debug] &amp#27;[35m[ADB]&amp#27;[39m Overriding C:\Users\joelv\.emulator_console_auth_token with an empty string to avoid telnet authentication for emulator commands
[debug] &amp#27;[35m[ADB]&amp#27;[39m Executing Emulator console command: avd name
[debug] &amp#27;[35m[ADB]&amp#27;[39m Found emulator 'emulator1' on port 5554
[debug] &amp#27;[35m[ADB]&amp#27;[39m Setting device id to emulator-5554
[debug] &amp#27;[35m[AndroidDriver]&amp#27;[39m Not launching AVD because it is already running.
&amp#27;[35m[AndroidDriver]&amp#27;[39m Using device: emulator-5554
&amp#27;[35m[ADB]&amp#27;[39m Using 'adb.exe' from 'C:\Users\joelv\AppData\Local\Android\Sdk\platform-tools\adb.exe'
[...]
[debug] &amp#27;[35m[WD Proxy]&amp#27;[39m Got response with status 200: {"sessionId":"d7858851-346b-4eef-b31c-622f85f8f52d","value":{"capabilities":{"firstMatch":[{"platform":"LINUX","webStorageEnabled":false,"takesScreenshot":true,"javascriptEnabled":true,"databaseEnabled":false,"networkConnectionEnabled":true,"locationContextEnabled":false,"warnings":{},"desired":{"platformName":"android","app":"C:\\Users\\joelv\\eclipse-workspace2\\framework\\src\\ApiDemos-debug.apk","chromeOptions":{"w3c":false},"automationName":"uiautomator2","avd":"emulator1","deviceName":"emulator1"},"platformName":"android","app":"C:\\Users\\joelv\\eclipse-workspace2\\framework\\src\\ApiDemos-debug.apk","chromeOptions":{"w3c":false},"automationName":"uiautomator2","avd":"emulator1","deviceName":"emulator-5554","deviceUDID":"emulator-5554","appPackage":"io.appium.android.apis"}],"alwaysMatch":{}},"sessionId":"d7858851-346b-4eef-b31c-622f85f8f52d"}}
&amp#27;[35m[WD Proxy]&amp#27;[39m Determined the downstream protocol as 'W3C'
[debug] &amp#27;[35m[WD Proxy]&amp#27;[39m Proxying [GET /appium/device/info] to [GET http://127.0.0.1:8210/wd/hub/session/d7858851-346b-4eef-b31c-622f85f8f52d/appium/device/info] with no body
[debug] &amp#27;[35m[WD Proxy]&amp#27;[39m Got response with status 200: {"sessionId":"d7858851-346b-4eef-b31c-622f85f8f52d","value":{"androidId":"36aa52b107025819","apiVersion":"30","bluetooth":{"state":"ON"},"brand":"Android","carrierName":"Android","displayDensity":560,"locale":"en_US","manufacturer":"unknown","model":"Android SDK built for x86","networks":[{"capabilities":{"SSID":null,"linkDownBandwidthKbps":141000,"linkUpstreamBandwidthKbps":141000,"networkCapabilities":"NET_CAPABILITY_NOT_METERED,NET_CAPABILITY_INTERNET,NET_CAPABILITY_NOT_RESTRICTED,NET_CAPABILITY_TRUSTED,NET_CAPABILITY_NOT_VPN,NET_CAPABILITY_VALIDATED,NET_CAPABILITY_NOT_ROAMING,NET_CAPABILITY_FOREGROUND,NET_CAPABILITY_NOT_CONGESTED,NET_CAPABILITY_NOT_SUSPENDED","signalStrength":-30,"transportTypes":"TRANSPORT_WIFI"},"detailedState":"CONNECTED","extraInfo":"","isAvailable":true,"isConnected":true,"isFailover":false,"isRoaming":false,"state":"CONNECTED","subtype":0,"subtypeName":"","type":1,"typeName":"WIFI"},{"capabilities":{"SSID":null,"linkDownBandwidthKbps":30000,"linkUpstreamBandwidthKbps":15000,"netw...
[debug] &amp#27;[35m[ADB]&amp#27;[39m Running 'C:\Users\joelv\AppData\Local\Android\Sdk\platform-tools\adb.exe -P 5037 -s emulator-5554 shell dumpsys window'
&amp#27;[35m[AndroidDriver]&amp#27;[39m Screen already unlocked, doing nothing
&amp#27;[35m[UiAutomator2]&amp#27;[39m Starting 'io.appium.android.apis/io.appium.android.apis.ApiDemos and waiting for 'io.appium.android.apis/io.appium.android.apis.ApiDemos'
[debug] &amp#27;[35m[ADB]&amp#27;[39m Running 'C:\Users\joelv\AppData\Local\Android\Sdk\platform-tools\adb.exe -P 5037 -s emulator-5554 shell am start -W -n io.appium.android.apis/io.appium.android.apis.ApiDemos -S -a android.intent.action.MAIN -c android.intent.category.LAUNCHER -f 0x10200000'
[debug] &amp#27;[35m[ADB]&amp#27;[39m Waiting up to 20000ms for activity matching pkg: 'io.appium.android.apis' and activity: 'io.appium.android.apis.ApiDemos' to be focused
[debug] &amp#27;[35m[ADB]&amp#27;[39m Possible activities, to be checked: 'io.appium.android.apis.ApiDemos', 'io.appium.android.apis.io.appium.android.apis.ApiDemos'
[debug] &amp#27;[35m[ADB]&amp#27;[39m Getting focused package and activity
[debug] &amp#27;[35m[ADB]&amp#27;[39m Running 'C:\Users\joelv\AppData\Local\Android\Sdk\platform-tools\adb.exe -P 5037 -s emulator-5554 shell dumpsys window displays'
[debug] &amp#27;[35m[ADB]&amp#27;[39m Found package: 'io.appium.android.apis' and fully qualified activity name : 'io.appium.android.apis.ApiDemos'
[debug] &amp#27;[35m[WD Proxy]&amp#27;[39m Proxying [GET /appium/device/pixel_ratio] to [GET http://127.0.0.1:8210/wd/hub/session/d7858851-346b-4eef-b31c-622f85f8f52d/appium/device/pixel_ratio] with no body
[debug] &amp#27;[35m[WD Proxy]&amp#27;[39m Got response with status 200: {"sessionId":"d7858851-346b-4eef-b31c-622f85f8f52d","value":3.5}
[debug] &amp#27;[35m[WD Proxy]&amp#27;[39m Matched '/appium/device/system_bars' to command name 'getSystemBars'
[debug] &amp#27;[35m[WD Proxy]&amp#27;[39m Proxying [GET /appium/device/system_bars] to [GET http://127.0.0.1:8210/wd/hub/session/d7858851-346b-4eef-b31c-622f85f8f52d/appium/device/system_bars] with no body
[debug] &amp#27;[35m[WD Proxy]&amp#27;[39m Got response with status 200: {"sessionId":"d7858851-346b-4eef-b31c-622f85f8f52d","value":{"statusBar":84}}
[debug] &amp#27;[35m[WD Proxy]&amp#27;[39m Matched '/window/current/size' to command name 'getWindowSize'
[debug] &amp#27;[35m[WD Proxy]&amp#27;[39m Proxying [GET /window/current/size] to [GET http://127.0.0.1:8210/wd/hub/session/d7858851-346b-4eef-b31c-622f85f8f52d/window/current/size] with no body
[debug] &amp#27;[35m[WD Proxy]&amp#27;[39m Got response with status 200: {"sessionId":"d7858851-346b-4eef-b31c-622f85f8f52d","value":{"height":2712,"width":1440}}
&amp#27;[35m[Appium]&amp#27;[39m New AndroidUiautomator2Driver session created successfully, session a1f14133-1a15-4496-b461-6bb3748cf624 added to master session list
[debug] &amp#27;[35m[BaseDriver]&amp#27;[39m Event 'newSessionStarted' logged at 1642589364970 (16:19:24 GMT+0530 (India Standard Time))
[debug] &amp#27;[35m[W3C (a1f14133)]&amp#27;[39m Cached the protocol value 'W3C' for the new session a1f14133-1a15-4496-b461-6bb3748cf624
[debug] &amp#27;[35m[W3C (a1f14133)]&amp#27;[39m Responding to client with driver.createSession() result: {"capabilities":{"platform":"LINUX","webStorageEnabled":false,"takesScreenshot":true,"javascriptEnabled":true,"databaseEnabled":false,"networkConnectionEnabled":true,"locationContextEnabled":false,"warnings":{},"desired":{"platformName":"android","app":"C:\\Users\\joelv\\eclipse-workspace2\\framework\\src\\ApiDemos-debug.apk","chromeOptions":{"w3c":false},"automationName":"uiautomator2","avd":"emulator1","deviceName":"emulator1"},"platformName":"android","app":"C:\\Users\\joelv\\eclipse-workspace2\\framework\\src\\ApiDemos-debug.apk","chromeOptions":{"w3c":false},"automationName":"uiautomator2","avd":"emulator1","deviceName":"emulator-5554","deviceUDID":"emulator-5554","appPackage":"io.appium.android.apis","deviceApiLevel":30,"platformVersion":"11","deviceScreenSize":"1440x2880","deviceScreenDensity":560,"deviceModel":"Android SDK built for x86","deviceManufacturer":"unknown","pixelRatio":3.5,"statBarHeight":84,"viewportRect":{"left":0,"top":84,"width":1440,"height":2628}}}
&amp#27;[35m[HTTP]&amp#27;[39m &amp#27;[37m<-- POST /wd/hub/session &amp#27;[39m&amp#27;[32m200&amp#27;[39m &amp#27;[90m6635 ms - 1049&amp#27;[39m
&amp#27;[35m[HTTP]&amp#27;[39m &amp#27;[90m&amp#27;[39m
&amp#27;[35m[HTTP]&amp#27;[39m &amp#27;[37m-->&amp#27;[39m &amp#27;[37mPOST&amp#27;[39m &amp#27;[37m/wd/hub/session/a1f14133-1a15-4496-b461-6bb3748cf624/timeouts&amp#27;[39m
&amp#27;[35m[HTTP]&amp#27;[39m &amp#27;[90m{"implicit":12000}&amp#27;[39m
[debug] &amp#27;[35m[W3C (a1f14133)]&amp#27;[39m Calling AppiumDriver.timeouts() with args: [null,null,null,null,12000,"a1f14133-1a15-4496-b461-6bb3748cf624"]
[debug] &amp#27;[35m[BaseDriver]&amp#27;[39m W3C timeout argument: {"implicit":12000}}
[debug] &amp#27;[35m[BaseDriver]&amp#27;[39m Set implicit wait to 12000ms
[debug] &amp#27;[35m[W3C (a1f14133)]&amp#27;[39m Responding to client with driver.timeouts() result: null
&amp#27;[35m[HTTP]&amp#27;[39m &amp#27;[37m<-- POST /wd/hub/session/a1f14133-1a15-4496-b461-6bb3748cf624/timeouts &amp#27;[39m&amp#27;[32m200&amp#27;[39m &amp#27;[90m2 ms - 14&amp#27;[39m
&amp#27;[35m[HTTP]&amp#27;[39m &amp#27;[90m&amp#27;[39m
&amp#27;[35m[HTTP]&amp#27;[39m &amp#27;[37m-->&amp#27;[39m &amp#27;[37mGET&amp#27;[39m &amp#27;[37m/wd/hub/session/a1f14133-1a15-4496-b461-6bb3748cf624/context&amp#27;[39m
&amp#27;[35m[HTTP]&amp#27;[39m &amp#27;[90m{}&amp#27;[39m
[debug] &amp#27;[35m[W3C (a1f14133)]&amp#27;[39m Calling AppiumDriver.getCurrentContext() with args: ["a1f14133-1a15-4496-b461-6bb3748cf624"]
[debug] &amp#27;[35m[W3C (a1f14133)]&amp#27;[39m Responding to client with driver.getCurrentContext() result: "NATIVE_APP"
&amp#27;[35m[HTTP]&amp#27;[39m &amp#27;[37m<-- GET /wd/hub/session/a1f14133-1a15-4496-b461-6bb3748cf624/context &amp#27;[39m&amp#27;[32m200&amp#27;[39m &amp#27;[90m3 ms - 22&amp#27;[39m
&amp#27;[35m[HTTP]&amp#27;[39m &amp#27;[90m&amp#27;[39m
&amp#27;[35m[HTTP]&amp#27;[39m &amp#27;[37m-->&amp#27;[39m &amp#27;[37mPOST&amp#27;[39m &amp#27;[37m/wd/hub/session/a1f14133-1a15-4496-b461-6bb3748cf624/element&amp#27;[39m
&amp#27;[35m[HTTP]&amp#27;[39m &amp#27;[90m{"using":"xpath","value":"//*[@text='Preference']"}&amp#27;[39m
[debug] &amp#27;[35m[W3C (a1f14133)]&amp#27;[39m Calling AppiumDriver.findElement() with args: ["xpath","//*[@text='Preference']","a1f14133-1a15-4496-b461-6bb3748cf624"]
[debug] &amp#27;[35m[BaseDriver]&amp#27;[39m Valid locator strategies for this request: xpath, id, class name, accessibility id, css selector, -android uiautomator
[debug] &amp#27;[35m[BaseDriver]&amp#27;[39m Waiting up to 12000 ms for condition
[debug] &amp#27;[35m[WD Proxy]&amp#27;[39m Matched '/element' to command name 'findElement'
[debug] &amp#27;[35m[WD Proxy]&amp#27;[39m Proxying [POST /element] to [POST http://127.0.0.1:8210/wd/hub/session/d7858851-346b-4eef-b31c-622f85f8f52d/element] with body: {"strategy":"xpath","selector":"//*[@text='Preference']","context":"","multiple":false}
[debug] &amp#27;[35m[WD Proxy]&amp#27;[39m Got response with status 200: {"sessionId":"d7858851-346b-4eef-b31c-622f85f8f52d","value":{"ELEMENT":"00000000-0000-0130-ffff-ffff00000012","element-6066-11e4-a52e-4f735466cecf":"00000000-0000-0130-ffff-ffff00000012"}}
[debug] &amp#27;[35m[W3C (a1f14133)]&amp#27;[39m Responding to client with driver.findElement() result: {"element-6066-11e4-a52e-4f735466cecf":"00000000-0000-0130-ffff-ffff00000012","ELEMENT":"00000000-0000-0130-ffff-ffff00000012"}
&amp#27;[35m[HTTP]&amp#27;[39m &amp#27;[37m<-- POST /wd/hub/session/a1f14133-1a15-4496-b461-6bb3748cf624/element &amp#27;[39m&amp#27;[32m200&amp#27;[39m &amp#27;[90m746 ms - 137&amp#27;[39m
&amp#27;[35m[HTTP]&amp#27;[39m &amp#27;[90m&amp#27;[39m
&amp#27;[35m[HTTP]&amp#27;[39m &amp#27;[37m-->&amp#27;[39m &amp#27;[37mPOST&amp#27;[39m &amp#27;[37m/wd/hub/session/a1f14133-1a15-4496-b461-6bb3748cf624/element/00000000-0000-0130-ffff-ffff00000012/click&amp#27;[39m
&amp#27;[35m[HTTP]&amp#27;[39m &amp#27;[90m{"id":"00000000-0000-0130-ffff-ffff00000012"}&amp#27;[39m
[debug] &amp#27;[35m[W3C (a1f14133)]&amp#27;[39m Calling AppiumDriver.click() with args: ["00000000-0000-0130-ffff-ffff00000012","a1f14133-1a15-4496-b461-6bb3748cf624"]
[debug] &amp#27;[35m[WD Proxy]&amp#27;[39m Matched '/element/00000000-0000-0130-ffff-ffff00000012/click' to command name 'click'
[debug] &amp#27;[35m[WD Proxy]&amp#27;[39m Proxying [POST /element/00000000-0000-0130-ffff-ffff00000012/click] to [POST http://127.0.0.1:8210/wd/hub/session/d7858851-346b-4eef-b31c-622f85f8f52d/element/00000000-0000-0130-ffff-ffff00000012/click] with body: {"element":"00000000-0000-0130-ffff-ffff00000012"}
[debug] &amp#27;[35m[WD Proxy]&amp#27;[39m Got response with status 200: {"sessionId":"d7858851-346b-4eef-b31c-622f85f8f52d","value":null}
[debug] &amp#27;[35m[W3C (a1f14133)]&amp#27;[39m Responding to client with driver.click() result: null
&amp#27;[35m[HTTP]&amp#27;[39m &amp#27;[37m<-- POST /wd/hub/session/a1f14133-1a15-4496-b461-6bb3748cf624/element/00000000-0000-0130-ffff-ffff00000012/click &amp#27;[39m&amp#27;[32m200&amp#27;[39m &amp#27;[90m802 ms - 14&amp#27;[39m
&amp#27;[35m[HTTP]&amp#27;[39m &amp#27;[90m&amp#27;[39m
&amp#27;[35m[HTTP]&amp#27;[39m &amp#27;[37m-->&amp#27;[39m &amp#27;[37mGET&amp#27;[39m &amp#27;[37m/wd/hub/session/a1f14133-1a15-4496-b461-6bb3748cf624/context&amp#27;[39m
&amp#27;[35m[HTTP]&amp#27;[39m &amp#27;[90m{}&amp#27;[39m
[debug] &amp#27;[35m[W3C (a1f14133)]&amp#27;[39m Calling AppiumDriver.getCurrentContext() with args: ["a1f14133-1a15-4496-b461-6bb3748cf624"]
[debug] &amp#27;[35m[W3C (a1f14133)]&amp#27;[39m Responding to client with driver.getCurrentContext() result: "NATIVE_APP"
&amp#27;[35m[HTTP]&amp#27;[39m &amp#27;[37m<-- GET /wd/hub/session/a1f14133-1a15-4496-b461-6bb3748cf624/context &amp#27;[39m&amp#27;[32m200&amp#27;[39m &amp#27;[90m2 ms - 22&amp#27;[39m
&amp#27;[35m[HTTP]&amp#27;[39m &amp#27;[90m&amp#27;[39m
&amp#27;[35m[HTTP]&amp#27;[39m &amp#27;[37m-->&amp#27;[39m &amp#27;[37mPOST&amp#27;[39m &amp#27;[37m/wd/hub/session/a1f14133-1a15-4496-b461-6bb3748cf624/element&amp#27;[39m
&amp#27;[35m[HTTP]&amp#27;[39m &amp#27;[90m{"using":"xpath","value":"//*[@text='9. Switch']"}&amp#27;[39m
[debug] &amp#27;[35m[W3C (a1f14133)]&amp#27;[39m Calling AppiumDriver.findElement() with args: ["xpath","//*[@text='9. Switch']","a1f14133-1a15-4496-b461-6bb3748cf624"]
[debug] &amp#27;[35m[BaseDriver]&amp#27;[39m Valid locator strategies for this request: xpath, id, class name, accessibility id, css selector, -android uiautomator
[debug] &amp#27;[35m[BaseDriver]&amp#27;[39m Waiting up to 12000 ms for condition
[debug] &amp#27;[35m[WD Proxy]&amp#27;[39m Matched '/element' to command name 'findElement'
[debug] &amp#27;[35m[WD Proxy]&amp#27;[39m Proxying [POST /element] to [POST http://127.0.0.1:8210/wd/hub/session/d7858851-346b-4eef-b31c-622f85f8f52d/element] with body: {"strategy":"xpath","selector":"//*[@text='9. Switch']","context":"","multiple":false}
[debug] &amp#27;[35m[WD Proxy]&amp#27;[39m Got response with status 200: {"sessionId":"d7858851-346b-4eef-b31c-622f85f8f52d","value":{"ELEMENT":"00000000-0000-0131-ffff-ffff00000027","element-6066-11e4-a52e-4f735466cecf":"00000000-0000-0131-ffff-ffff00000027"}}
[debug] &amp#27;[35m[W3C (a1f14133)]&amp#27;[39m Responding to client with driver.findElement() result: {"element-6066-11e4-a52e-4f735466cecf":"00000000-0000-0131-ffff-ffff00000027","ELEMENT":"00000000-0000-0131-ffff-ffff00000027"}
&amp#27;[35m[HTTP]&amp#27;[39m &amp#27;[37m<-- POST /wd/hub/session/a1f14133-1a15-4496-b461-6bb3748cf624/element &amp#27;[39m&amp#27;[32m200&amp#27;[39m &amp#27;[90m46 ms - 137&amp#27;[39m
&amp#27;[35m[HTTP]&amp#27;[39m &amp#27;[90m&amp#27;[39m
&amp#27;[35m[HTTP]&amp#27;[39m &amp#27;[37m-->&amp#27;[39m &amp#27;[37mPOST&amp#27;[39m &amp#27;[37m/wd/hub/session/a1f14133-1a15-4496-b461-6bb3748cf624/element/00000000-0000-0131-ffff-ffff00000027/click&amp#27;[39m
&amp#27;[35m[HTTP]&amp#27;[39m &amp#27;[90m{"id":"00000000-0000-0131-ffff-ffff00000027"}&amp#27;[39m
[debug] &amp#27;[35m[W3C (a1f14133)]&amp#27;[39m Calling AppiumDriver.click() with args: ["00000000-0000-0131-ffff-ffff00000027","a1f14133-1a15-4496-b461-6bb3748cf624"]
[debug] &amp#27;[35m[WD Proxy]&amp#27;[39m Matched '/element/00000000-0000-0131-ffff-ffff00000027/click' to command name 'click'
[debug] &amp#27;[35m[WD Proxy]&amp#27;[39m Proxying [POST /element/00000000-0000-0131-ffff-ffff00000027/click] to [POST http://127.0.0.1:8210/wd/hub/session/d7858851-346b-4eef-b31c-622f85f8f52d/element/00000000-0000-0131-ffff-ffff00000027/click] with body: {"element":"00000000-0000-0131-ffff-ffff00000027"}
[debug] &amp#27;[35m[WD Proxy]&amp#27;[39m Got response with status 200: {"sessionId":"d7858851-346b-4eef-b31c-622f85f8f52d","value":null}
[debug] &amp#27;[35m[W3C (a1f14133)]&amp#27;[39m Responding to client with driver.click() result: null
&amp#27;[35m[HTTP]&amp#27;[39m &amp#27;[37m<-- POST /wd/hub/session/a1f14133-1a15-4496-b461-6bb3748cf624/element/00000000-0000-0131-ffff-ffff00000027/click &amp#27;[39m&amp#27;[32m200&amp#27;[39m &amp#27;[90m826 ms - 14&amp#27;[39m
&amp#27;[35m[HTTP]&amp#27;[39m &amp#27;[90m&amp#27;[39m
&amp#27;[35m[HTTP]&amp#27;[39m &amp#27;[37m-->&amp#27;[39m &amp#27;[37mPOST&amp#27;[39m &amp#27;[37m/wd/hub/session/a1f14133-1a15-4496-b461-6bb3748cf624/elements&amp#27;[39m
&amp#27;[35m[HTTP]&amp#27;[39m &amp#27;[90m{"using":"id","value":"android:id/switch_widget"}&amp#27;[39m
[debug] &amp#27;[35m[W3C (a1f14133)]&amp#27;[39m Calling AppiumDriver.findElements() with args: ["id","android:id/switch_widget","a1f14133-1a15-4496-b461-6bb3748cf624"]
[debug] &amp#27;[35m[BaseDriver]&amp#27;[39m Valid locator strategies for this request: xpath, id, class name, accessibility id, css selector, -android uiautomator
[debug] &amp#27;[35m[BaseDriver]&amp#27;[39m Waiting up to 12000 ms for condition
[debug] &amp#27;[35m[WD Proxy]&amp#27;[39m Matched '/elements' to command name 'findElements'
[debug] &amp#27;[35m[WD Proxy]&amp#27;[39m Proxying [POST /elements] to [POST http://127.0.0.1:8210/wd/hub/session/d7858851-346b-4eef-b31c-622f85f8f52d/elements] with body: {"strategy":"id","selector":"android:id/switch_widget","context":"","multiple":true}
[debug] &amp#27;[35m[WD Proxy]&amp#27;[39m Got response with status 200: {"sessionId":"d7858851-346b-4eef-b31c-622f85f8f52d","value":[{"ELEMENT":"00000000-0000-0132-ffff-ffff0000004c","element-6066-11e4-a52e-4f735466cecf":"00000000-0000-0132-ffff-ffff0000004c"},{"ELEMENT":"00000000-0000-0132-ffff-ffff00000054","element-6066-11e4-a52e-4f735466cecf":"00000000-0000-0132-ffff-ffff00000054"}]}
[debug] &amp#27;[35m[W3C (a1f14133)]&amp#27;[39m Responding to client with driver.findElements() result: [{"element-6066-11e4-a52e-4f735466cecf":"00000000-0000-0132-ffff-ffff0000004c","ELEMENT":"00000000-0000-0132-ffff-ffff0000004c"},{"element-6066-11e4-a52e-4f735466cecf":"00000000-0000-0132-ffff-ffff00000054","ELEMENT":"00000000-0000-0132-ffff-ffff00000054"}]
&amp#27;[35m[HTTP]&amp#27;[39m &amp#27;[37m<-- POST /wd/hub/session/a1f14133-1a15-4496-b461-6bb3748cf624/elements &amp#27;[39m&amp#27;[32m200&amp#27;[39m &amp#27;[90m21 ms - 267&amp#27;[39m
&amp#27;[35m[HTTP]&amp#27;[39m &amp#27;[90m&amp#27;[39m
&amp#27;[35m[HTTP]&amp#27;[39m &amp#27;[37m-->&amp#27;[39m &amp#27;[37mPOST&amp#27;[39m &amp#27;[37m/wd/hub/session/a1f14133-1a15-4496-b461-6bb3748cf624/element/00000000-0000-0132-ffff-ffff0000004c/click&amp#27;[39m
&amp#27;[35m[HTTP]&amp#27;[39m &amp#27;[90m{"id":"00000000-0000-0132-ffff-ffff0000004c"}&amp#27;[39m
[debug] &amp#27;[35m[W3C (a1f14133)]&amp#27;[39m Calling AppiumDriver.click() with args: ["00000000-0000-0132-ffff-ffff0000004c","a1f14133-1a15-4496-b461-6bb3748cf624"]
[debug] &amp#27;[35m[WD Proxy]&amp#27;[39m Matched '/element/00000000-0000-0132-ffff-ffff0000004c/click' to command name 'click'
[debug] &amp#27;[35m[WD Proxy]&amp#27;[39m Proxying [POST /element/00000000-0000-0132-ffff-ffff0000004c/click] to [POST http://127.0.0.1:8210/wd/hub/session/d7858851-346b-4eef-b31c-622f85f8f52d/element/00000000-0000-0132-ffff-ffff0000004c/click] with body: {"element":"00000000-0000-0132-ffff-ffff0000004c"}
[debug] &amp#27;[35m[WD Proxy]&amp#27;[39m Got response with status 200: {"sessionId":"d7858851-346b-4eef-b31c-622f85f8f52d","value":null}
[debug] &amp#27;[35m[W3C (a1f14133)]&amp#27;[39m Responding to client with driver.click() result: null
&amp#27;[35m[HTTP]&amp#27;[39m &amp#27;[37m<-- POST /wd/hub/session/a1f14133-1a15-4496-b461-6bb3748cf624/element/00000000-0000-0132-ffff-ffff0000004c/click &amp#27;[39m&amp#27;[32m200&amp#27;[39m &amp#27;[90m625 ms - 14&amp#27;[39m
&amp#27;[35m[HTTP]&amp#27;[39m &amp#27;[90m&amp#27;[39m
]]></system-out>
    <system-err><![CDATA[Jan 19, 2022 4:19:24 PM io.appium.java_client.remote.AppiumCommandExecutor$1 lambda$0
INFO: Detected dialect: W3C
]]></system-err>
  </testcase>
</testsuite>