<?xml version="1.0" encoding="UTF-8"?>
<testng-results ignored="0" total="1" passed="1" failed="0" skipped="0">
  <reporter-output>
  </reporter-output>
  <suite started-at="2022-01-19T16:06:50 IST" name="Default suite" finished-at="2022-01-19T16:07:43 IST" duration-ms="52894">
    <groups>
      <group name="SmokeTest">
        <method signature="WebViewCheckTest.webAutomation()[pri:0, instance:appium.framework.WebViewCheckTest@3a44431a]" name="webAutomation" class="appium.framework.WebViewCheckTest"/>
      </group> <!-- SmokeTest -->
    </groups>
    <test started-at="2022-01-19T16:06:50 IST" name="Default test" finished-at="2022-01-19T16:07:43 IST" duration-ms="52894">
      <class name="appium.framework.WebViewCheckTest">
        <test-method signature="webAutomation()[pri:0, instance:appium.framework.WebViewCheckTest@3a44431a]" started-at="2022-01-19T16:06:50 IST" name="webAutomation" finished-at="2022-01-19T16:07:43 IST" duration-ms="52876" status="PASS">
          <reporter-output>
          </reporter-output>
        </test-method> <!-- webAutomation -->
      </class> <!-- appium.framework.WebViewCheckTest -->
    </test> <!-- Default test -->
  </suite> <!-- Default suite -->
</testng-results>
